#
# There is insufficient memory for the Java Runtime Environment to continue.
# Native memory allocation (malloc) failed to allocate 1302896 bytes for Chunk::new
# Possible reasons:
#   The system is out of physical RAM or swap space
#   The process is running with CompressedOops enabled, and the Java Heap may be blocking the growth of the native heap
# Possible solutions:
#   Reduce memory load on the system
#   Increase physical memory or swap space
#   Check if swap backing store is full
#   Decrease Java heap size (-Xmx/-Xms)
#   Decrease number of Java threads
#   Decrease Java thread stack sizes (-Xss)
#   Set larger code cache with -XX:ReservedCodeCacheSize=
#   JVM is running with Unscaled Compressed Oops mode in which the Java heap is
#     placed in the first 4GB address space. The Java Heap base address is the
#     maximum limit for the native heap growth. Please use -XX:HeapBaseMinAddress
#     to set the Java Heap base and to place the Java Heap above 4GB virtual address.
# This output file may be truncated or incomplete.
#
#  Out of Memory Error (arena.cpp:191), pid=17376, tid=23916
#
# JRE version: OpenJDK Runtime Environment (17.0.10) (build 17.0.10+0--11609105)
# Java VM: OpenJDK 64-Bit Server VM (17.0.10+0--11609105, mixed mode, tiered, compressed oops, compressed class ptrs, g1 gc, windows-amd64)
# No core dump will be written. Minidumps are not enabled by default on client versions of Windows
#

---------------  S U M M A R Y ------------

Command Line: -XX:MaxMetaspaceSize=512m --add-opens=java.base/java.util=ALL-UNNAMED --add-opens=java.base/java.lang=ALL-UNNAMED --add-opens=java.base/java.lang.invoke=ALL-UNNAMED --add-opens=java.prefs/java.util.prefs=ALL-UNNAMED --add-opens=java.base/java.nio.charset=ALL-UNNAMED --add-opens=java.base/java.net=ALL-UNNAMED --add-opens=java.base/java.util.concurrent.atomic=ALL-UNNAMED -Xmx2048m -Dfile.encoding=x-windows-949 -Duser.country=KR -Duser.language=ko -Duser.variant -javaagent:C:\Users\seonsu\.gradle\wrapper\dists\gradle-8.5-bin\5t9huq95ubn472n8rpzujfbqh\gradle-8.5\lib\agents\gradle-instrumentation-agent-8.5.jar org.gradle.launcher.daemon.bootstrap.GradleDaemon 8.5

Host: 11th Gen Intel(R) Core(TM) i5-1135G7 @ 2.40GHz, 8 cores, 15G,  Windows 10 , 64 bit Build 19041 (10.0.19041.4597)
Time: Mon Aug  5 05:22:15 2024  Windows 10 , 64 bit Build 19041 (10.0.19041.4597) elapsed time: 14.458303 seconds (0d 0h 0m 14s)

---------------  T H R E A D  ---------------

Current thread (0x000002cb579ae580):  JavaThread "C2 CompilerThread1" daemon [_thread_in_native, id=23916, stack(0x000000f912f00000,0x000000f913000000)]


Current CompileTask:
C2:  14458 8729 %     4       org.gradle.internal.instantiation.generator.AbstractClassGenerator::inspectType @ 77 (560 bytes)

Stack: [0x000000f912f00000,0x000000f913000000]
Native frames: (J=compiled Java code, j=interpreted, Vv=VM code, C=native code)
V  [jvm.dll+0x688de9]
V  [jvm.dll+0x8423da]
V  [jvm.dll+0x84401e]
V  [jvm.dll+0x844683]
V  [jvm.dll+0x24be0f]
V  [jvm.dll+0xac524]
V  [jvm.dll+0xacb6c]
V  [jvm.dll+0x2b342f]
V  [jvm.dll+0x5902b7]
V  [jvm.dll+0x226452]
V  [jvm.dll+0x22683f]
V  [jvm.dll+0x21f966]
V  [jvm.dll+0x21cdb1]
V  [jvm.dll+0x1a60ad]
V  [jvm.dll+0x22cd78]
V  [jvm.dll+0x22aeb0]
V  [jvm.dll+0x7f6877]
V  [jvm.dll+0x7f0c7a]
V  [jvm.dll+0x687c65]
C  [ucrtbase.dll+0x21bb2]
C  [KERNEL32.DLL+0x17374]
C  [ntdll.dll+0x4cc91]


---------------  P R O C E S S  ---------------

Threads class SMR info:
_java_thread_list=0x000002cb5dd808e0, length=73, elements={
0x000002cb3d79f6f0, 0x000002cb577a01c0, 0x000002cb577a1ca0, 0x000002cb577ce440,
0x000002cb577d0e20, 0x000002cb577d16f0, 0x000002cb577f5580, 0x000002cb577f5e50,
0x000002cb577f6d70, 0x000002cb577f7890, 0x000002cb578f3830, 0x000002cb57b4c3f0,
0x000002cb5d82fc90, 0x000002cb5e962a00, 0x000002cb5de9ec40, 0x000002cb5d96a980,
0x000002cb5ec43830, 0x000002cb5d14f060, 0x000002cb5ce05130, 0x000002cb5d417040,
0x000002cb5c7e7060, 0x000002cb5c7e5c20, 0x000002cb5c7e6b50, 0x000002cb5c7e7570,
0x000002cb5c7e84a0, 0x000002cb5c7e4cf0, 0x000002cb5c7e5710, 0x000002cb5e2bdc70,
0x000002cb5e2beba0, 0x000002cb5e2bf0b0, 0x000002cb5e2be180, 0x000002cb5e2c1e40,
0x000002cb5e2c04f0, 0x000002cb5e2bc830, 0x000002cb5e2ba9d0, 0x000002cb5e2c0f10,
0x000002cb5e2c2350, 0x000002cb5e2bfad0, 0x000002cb5e2be690, 0x000002cb5e2baee0,
0x000002cb5e2bffe0, 0x000002cb5e2bcd40, 0x000002cb5e2bd250, 0x000002cb5d283a20,
0x000002cb579ae580, 0x000002cb5d2862a0, 0x000002cb5d285d90, 0x000002cb5d282af0,
0x000002cb5d283000, 0x000002cb5d283510, 0x000002cb5d283f30, 0x000002cb5d284440,
0x000002cb5d284950, 0x000002cb5d284e60, 0x000002cb5d285370, 0x000002cb5d285880,
0x000002cb5c7e6130, 0x000002cb5c7e6640, 0x000002cb5c7e7f90, 0x000002cb5f6ee2e0,
0x000002cb5f6eddd0, 0x000002cb5f6ee7f0, 0x000002cb5f6ecea0, 0x000002cb5f6f0b60,
0x000002cb5f6eed00, 0x000002cb5f6ef720, 0x000002cb5f6ec990, 0x000002cb5f6efc30,
0x000002cb5f6eab30, 0x000002cb5f6eb040, 0x000002cb5f6ef210, 0x000002cb5f6ed3b0,
0x000002cb5f6f0140
}

Java Threads: ( => current thread )
  0x000002cb3d79f6f0 JavaThread "main" [_thread_blocked, id=22060, stack(0x000000f910700000,0x000000f910800000)]
  0x000002cb577a01c0 JavaThread "Reference Handler" daemon [_thread_blocked, id=23416, stack(0x000000f910e00000,0x000000f910f00000)]
  0x000002cb577a1ca0 JavaThread "Finalizer" daemon [_thread_blocked, id=2464, stack(0x000000f910f00000,0x000000f911000000)]
  0x000002cb577ce440 JavaThread "Signal Dispatcher" daemon [_thread_blocked, id=4964, stack(0x000000f911000000,0x000000f911100000)]
  0x000002cb577d0e20 JavaThread "Attach Listener" daemon [_thread_blocked, id=18940, stack(0x000000f911100000,0x000000f911200000)]
  0x000002cb577d16f0 JavaThread "Service Thread" daemon [_thread_blocked, id=16520, stack(0x000000f911200000,0x000000f911300000)]
  0x000002cb577f5580 JavaThread "Monitor Deflation Thread" daemon [_thread_blocked, id=13132, stack(0x000000f911300000,0x000000f911400000)]
  0x000002cb577f5e50 JavaThread "C2 CompilerThread0" daemon [_thread_in_native, id=1720, stack(0x000000f911400000,0x000000f911500000)]
  0x000002cb577f6d70 JavaThread "C1 CompilerThread0" daemon [_thread_blocked, id=21052, stack(0x000000f911500000,0x000000f911600000)]
  0x000002cb577f7890 JavaThread "Sweeper thread" daemon [_thread_blocked, id=8536, stack(0x000000f911600000,0x000000f911700000)]
  0x000002cb578f3830 JavaThread "Common-Cleaner" daemon [_thread_blocked, id=22632, stack(0x000000f911700000,0x000000f911800000)]
  0x000002cb57b4c3f0 JavaThread "Notification Thread" daemon [_thread_blocked, id=1704, stack(0x000000f911800000,0x000000f911900000)]
  0x000002cb5d82fc90 JavaThread "Daemon health stats" [_thread_blocked, id=23652, stack(0x000000f912000000,0x000000f912100000)]
  0x000002cb5e962a00 JavaThread "Incoming local TCP Connector on port 62849" [_thread_in_native, id=1664, stack(0x000000f912100000,0x000000f912200000)]
  0x000002cb5de9ec40 JavaThread "Daemon periodic checks" [_thread_blocked, id=18272, stack(0x000000f912200000,0x000000f912300000)]
  0x000002cb5d96a980 JavaThread "Daemon" [_thread_blocked, id=20540, stack(0x000000f912300000,0x000000f912400000)]
  0x000002cb5ec43830 JavaThread "Handler for socket connection from /127.0.0.1:62849 to /127.0.0.1:62850" [_thread_in_native, id=13492, stack(0x000000f912400000,0x000000f912500000)]
  0x000002cb5d14f060 JavaThread "Cancel handler" [_thread_blocked, id=13248, stack(0x000000f912500000,0x000000f912600000)]
  0x000002cb5ce05130 JavaThread "Daemon worker" [_thread_blocked, id=17696, stack(0x000000f912600000,0x000000f912700000)]
  0x000002cb5d417040 JavaThread "Asynchronous log dispatcher for DefaultDaemonConnection: socket connection from /127.0.0.1:62849 to /127.0.0.1:62850" [_thread_blocked, id=8276, stack(0x000000f912700000,0x000000f912800000)]
  0x000002cb5c7e7060 JavaThread "Stdin handler" [_thread_blocked, id=15764, stack(0x000000f912800000,0x000000f912900000)]
  0x000002cb5c7e5c20 JavaThread "Daemon client event forwarder" [_thread_blocked, id=24440, stack(0x000000f912900000,0x000000f912a00000)]
  0x000002cb5c7e6b50 JavaThread "Cache worker for journal cache (C:\Users\seonsu\.gradle\caches\journal-1)" [_thread_blocked, id=5744, stack(0x000000f912c00000,0x000000f912d00000)]
  0x000002cb5c7e7570 JavaThread "File lock request listener" [_thread_in_native, id=18384, stack(0x000000f912d00000,0x000000f912e00000)]
  0x000002cb5c7e84a0 JavaThread "Cache worker for file hash cache (C:\Users\seonsu\.gradle\caches\8.5\fileHashes)" [_thread_blocked, id=16008, stack(0x000000f912e00000,0x000000f912f00000)]
  0x000002cb5c7e4cf0 JavaThread "File watcher server" daemon [_thread_in_native, id=21484, stack(0x000000f913000000,0x000000f913100000)]
  0x000002cb5c7e5710 JavaThread "File watcher consumer" daemon [_thread_blocked, id=17860, stack(0x000000f913100000,0x000000f913200000)]
  0x000002cb5e2bdc70 JavaThread "jar transforms" [_thread_blocked, id=16560, stack(0x000000f913200000,0x000000f913300000)]
  0x000002cb5e2beba0 JavaThread "jar transforms Thread 2" [_thread_blocked, id=19836, stack(0x000000f913300000,0x000000f913400000)]
  0x000002cb5e2bf0b0 JavaThread "jar transforms Thread 3" [_thread_blocked, id=9260, stack(0x000000f913400000,0x000000f913500000)]
  0x000002cb5e2be180 JavaThread "jar transforms Thread 4" [_thread_blocked, id=17924, stack(0x000000f913500000,0x000000f913600000)]
  0x000002cb5e2c1e40 JavaThread "jar transforms Thread 5" [_thread_blocked, id=22128, stack(0x000000f913600000,0x000000f913700000)]
  0x000002cb5e2c04f0 JavaThread "jar transforms Thread 6" [_thread_blocked, id=18112, stack(0x000000f913700000,0x000000f913800000)]
  0x000002cb5e2bc830 JavaThread "jar transforms Thread 7" [_thread_blocked, id=14076, stack(0x000000f913800000,0x000000f913900000)]
  0x000002cb5e2ba9d0 JavaThread "jar transforms Thread 8" [_thread_blocked, id=19120, stack(0x000000f913900000,0x000000f913a00000)]
  0x000002cb5e2c0f10 JavaThread "Cache worker for checksums cache (G:\solux-innovel\frontend\android\.gradle\8.5\checksums)" [_thread_blocked, id=20192, stack(0x000000f913a00000,0x000000f913b00000)]
  0x000002cb5e2c2350 JavaThread "Cache worker for file hash cache (G:\solux-innovel\frontend\android\.gradle\8.5\fileHashes)" [_thread_blocked, id=5764, stack(0x000000f913b00000,0x000000f913c00000)]
  0x000002cb5e2bfad0 JavaThread "Cache worker for cache directory md-supplier (C:\Users\seonsu\.gradle\caches\8.5\md-supplier)" [_thread_blocked, id=24508, stack(0x000000f913c00000,0x000000f913d00000)]
  0x000002cb5e2be690 JavaThread "Cache worker for cache directory md-rule (C:\Users\seonsu\.gradle\caches\8.5\md-rule)" [_thread_blocked, id=20988, stack(0x000000f913d00000,0x000000f913e00000)]
  0x000002cb5e2baee0 JavaThread "Cache worker for file content cache (C:\Users\seonsu\.gradle\caches\8.5\fileContent)" [_thread_blocked, id=17244, stack(0x000000f913e00000,0x000000f913f00000)]
  0x000002cb5e2bffe0 JavaThread "Cache worker for execution history cache (C:\Users\seonsu\.gradle\caches\8.5\executionHistory)" [_thread_blocked, id=13040, stack(0x000000f913f00000,0x000000f914000000)]
  0x000002cb5e2bcd40 JavaThread "Exec process" [_thread_blocked, id=4092, stack(0x000000f914000000,0x000000f914100000)]
  0x000002cb5e2bd250 JavaThread "Exec process Thread 2" [_thread_blocked, id=23132, stack(0x000000f914100000,0x000000f914200000)]
  0x000002cb5d283a20 JavaThread "Exec process Thread 3" [_thread_blocked, id=10488, stack(0x000000f914200000,0x000000f914300000)]
=>0x000002cb579ae580 JavaThread "C2 CompilerThread1" daemon [_thread_in_native, id=23916, stack(0x000000f912f00000,0x000000f913000000)]
  0x000002cb5d2862a0 JavaThread "Cache worker for kotlin-dsl (C:\Users\seonsu\.gradle\caches\8.5\kotlin-dsl)" [_thread_blocked, id=17264, stack(0x000000f914300000,0x000000f914400000)]
  0x000002cb5d285d90 JavaThread "Unconstrained build operations" [_thread_blocked, id=19896, stack(0x000000f914400000,0x000000f914500000)]
  0x000002cb5d282af0 JavaThread "Unconstrained build operations Thread 2" [_thread_blocked, id=3524, stack(0x000000f914500000,0x000000f914600000)]
  0x000002cb5d283000 JavaThread "Cache worker for dependencies-accessors (G:\solux-innovel\frontend\android\.gradle\8.5\dependencies-accessors)" [_thread_blocked, id=21960, stack(0x000000f914600000,0x000000f914700000)]
  0x000002cb5d283510 JavaThread "Cache worker for Build Output Cleanup Cache (G:\solux-innovel\frontend\node_modules\@react-native\gradle-plugin\.gradle\buildOutputCleanup)" [_thread_blocked, id=22708, stack(0x000000f914700000,0x000000f914800000)]
  0x000002cb5d283f30 JavaThread "Unconstrained build operations Thread 3" [_thread_blocked, id=11912, stack(0x000000f914800000,0x000000f914900000)]
  0x000002cb5d284440 JavaThread "Unconstrained build operations Thread 4" [_thread_blocked, id=22352, stack(0x000000f914900000,0x000000f914a00000)]
  0x000002cb5d284950 JavaThread "Unconstrained build operations Thread 5" [_thread_blocked, id=24256, stack(0x000000f914a00000,0x000000f914b00000)]
  0x000002cb5d284e60 JavaThread "Unconstrained build operations Thread 6" [_thread_blocked, id=14584, stack(0x000000f914b00000,0x000000f914c00000)]
  0x000002cb5d285370 JavaThread "Unconstrained build operations Thread 7" [_thread_blocked, id=18284, stack(0x000000f914c00000,0x000000f914d00000)]
  0x000002cb5d285880 JavaThread "Unconstrained build operations Thread 8" [_thread_blocked, id=22856, stack(0x000000f914d00000,0x000000f914e00000)]
  0x000002cb5c7e6130 JavaThread "Unconstrained build operations Thread 9" [_thread_blocked, id=21436, stack(0x000000f914e00000,0x000000f914f00000)]
  0x000002cb5c7e6640 JavaThread "Memory manager" [_thread_blocked, id=19624, stack(0x000000f914f00000,0x000000f915000000)]
  0x000002cb5c7e7f90 JavaThread "build event listener" [_thread_blocked, id=14064, stack(0x000000f915000000,0x000000f915100000)]
  0x000002cb5f6ee2e0 JavaThread "Cache worker for Build Output Cleanup Cache (G:\solux-innovel\frontend\android\.gradle\buildOutputCleanup)" [_thread_blocked, id=17356, stack(0x000000f915100000,0x000000f915200000)]
  0x000002cb5f6eddd0 JavaThread "ForkJoinPool.commonPool-worker-1" daemon [_thread_blocked, id=5584, stack(0x000000f915200000,0x000000f915300000)]
  0x000002cb5f6ee7f0 JavaThread "ForkJoinPool.commonPool-worker-2" daemon [_thread_blocked, id=12256, stack(0x000000f915300000,0x000000f915400000)]
  0x000002cb5f6ecea0 JavaThread "ForkJoinPool.commonPool-worker-3" daemon [_thread_blocked, id=19264, stack(0x000000f915400000,0x000000f915500000)]
  0x000002cb5f6f0b60 JavaThread "ForkJoinPool.commonPool-worker-4" daemon [_thread_blocked, id=19020, stack(0x000000f915500000,0x000000f915600000)]
  0x000002cb5f6eed00 JavaThread "included builds" [_thread_blocked, id=19888, stack(0x000000f915600000,0x000000f915700000)]
  0x000002cb5f6ef720 JavaThread "Execution worker" [_thread_blocked, id=18168, stack(0x000000f915700000,0x000000f915800000)]
  0x000002cb5f6ec990 JavaThread "Execution worker Thread 2" [_thread_blocked, id=12412, stack(0x000000f915800000,0x000000f915900000)]
  0x000002cb5f6efc30 JavaThread "Execution worker Thread 3" [_thread_in_vm, id=18376, stack(0x000000f915900000,0x000000f915a00000)]
  0x000002cb5f6eab30 JavaThread "Execution worker Thread 4" [_thread_blocked, id=14308, stack(0x000000f915a00000,0x000000f915b00000)]
  0x000002cb5f6eb040 JavaThread "Execution worker Thread 5" [_thread_blocked, id=16112, stack(0x000000f915b00000,0x000000f915c00000)]
  0x000002cb5f6ef210 JavaThread "Execution worker Thread 6" [_thread_blocked, id=17096, stack(0x000000f915c00000,0x000000f915d00000)]
  0x000002cb5f6ed3b0 JavaThread "Execution worker Thread 7" [_thread_blocked, id=23956, stack(0x000000f915d00000,0x000000f915e00000)]
  0x000002cb5f6f0140 JavaThread "Cache worker for execution history cache (G:\solux-innovel\frontend\node_modules\@react-native\gradle-plugin\.gradle\8.5\executionHistory)" [_thread_blocked, id=24112, stack(0x000000f915e00000,0x000000f915f00000)]

Other Threads:
  0x000002cb5779c6e0 VMThread "VM Thread" [stack: 0x000000f910d00000,0x000000f910e00000] [id=12212]
  0x000002cb5c08a080 WatcherThread [stack: 0x000000f911900000,0x000000f911a00000] [id=24148]
  0x000002cb3d7fb670 GCTaskThread "GC Thread#0" [stack: 0x000000f910800000,0x000000f910900000] [id=4584]
  0x000002cb5c606c30 GCTaskThread "GC Thread#1" [stack: 0x000000f911b00000,0x000000f911c00000] [id=5900]
  0x000002cb5cb1a5a0 GCTaskThread "GC Thread#2" [stack: 0x000000f911c00000,0x000000f911d00000] [id=8140]
  0x000002cb5cb1a860 GCTaskThread "GC Thread#3" [stack: 0x000000f911d00000,0x000000f911e00000] [id=19848]
  0x000002cb5c7fdc20 GCTaskThread "GC Thread#4" [stack: 0x000000f911e00000,0x000000f911f00000] [id=14432]
  0x000002cb5cf2b930 GCTaskThread "GC Thread#5" [stack: 0x000000f911f00000,0x000000f912000000] [id=16832]
  0x000002cb5e896fc0 GCTaskThread "GC Thread#6" [stack: 0x000000f911a00000,0x000000f911b00000] [id=10276]
  0x000002cb5e2226e0 GCTaskThread "GC Thread#7" [stack: 0x000000f912a00000,0x000000f912b00000] [id=23740]
  0x000002cb3d80c4d0 ConcurrentGCThread "G1 Main Marker" [stack: 0x000000f910900000,0x000000f910a00000] [id=17224]
  0x000002cb3d80de10 ConcurrentGCThread "G1 Conc#0" [stack: 0x000000f910a00000,0x000000f910b00000] [id=18132]
  0x000002cb5dfeed90 ConcurrentGCThread "G1 Conc#1" [stack: 0x000000f912b00000,0x000000f912c00000] [id=16636]
  0x000002cb574c05e0 ConcurrentGCThread "G1 Refine#0" [stack: 0x000000f910b00000,0x000000f910c00000] [id=7588]
  0x000002cb574c0e20 ConcurrentGCThread "G1 Service" [stack: 0x000000f910c00000,0x000000f910d00000] [id=3208]

Threads with active compile tasks:
C2 CompilerThread0    14485 8836       4       sun.security.provider.MD5::implCompress0 (1407 bytes)
C2 CompilerThread1    14485 8729 %     4       org.gradle.internal.instantiation.generator.AbstractClassGenerator::inspectType @ 77 (560 bytes)

VM state: not at safepoint (normal execution)

VM Mutex/Monitor currently owned by a thread: None

Heap address: 0x0000000080000000, size: 2048 MB, Compressed Oops mode: 32-bit

CDS archive(s) not mapped
Compressed class space mapped at: 0x0000000100000000-0x000000011a000000, reserved size: 436207616
Narrow klass base: 0x0000000000000000, Narrow klass shift: 3, Narrow klass range: 0x11a000000

GC Precious Log:
 CPUs: 8 total, 8 available
 Memory: 16057M
 Large Page Support: Disabled
 NUMA Support: Disabled
 Compressed Oops: Enabled (32-bit)
 Heap Region Size: 1M
 Heap Min Capacity: 8M
 Heap Initial Capacity: 252M
 Heap Max Capacity: 2G
 Pre-touch: Disabled
 Parallel Workers: 8
 Concurrent Workers: 2
 Concurrent Refinement Workers: 8
 Periodic GC: Disabled

Heap:
 garbage-first heap   total 193536K, used 108027K [0x0000000080000000, 0x0000000100000000)
  region size 1024K, 15 young (15360K), 3 survivors (3072K)
 Metaspace       used 80899K, committed 81728K, reserved 557056K
  class space    used 11362K, committed 11712K, reserved 425984K

Heap Regions: E=young(eden), S=young(survivor), O=old, HS=humongous(starts), HC=humongous(continues), CS=collection set, F=free, OA=open archive, CA=closed archive, TAMS=top-at-mark-start (previous, next)
|   0|0x0000000080000000, 0x0000000080100000, 0x0000000080100000|100%|HS|  |TAMS 0x0000000080100000, 0x0000000080000000| Complete 
|   1|0x0000000080100000, 0x0000000080200000, 0x0000000080200000|100%|HC|  |TAMS 0x0000000080200000, 0x0000000080100000| Complete 
|   2|0x0000000080200000, 0x0000000080300000, 0x0000000080300000|100%|HC|  |TAMS 0x0000000080300000, 0x0000000080200000| Complete 
|   3|0x0000000080300000, 0x0000000080400000, 0x0000000080400000|100%|HC|  |TAMS 0x0000000080400000, 0x0000000080300000| Complete 
|   4|0x0000000080400000, 0x0000000080500000, 0x0000000080500000|100%| O|  |TAMS 0x0000000080500000, 0x0000000080400000| Untracked 
|   5|0x0000000080500000, 0x0000000080600000, 0x0000000080600000|100%| O|  |TAMS 0x0000000080600000, 0x0000000080500000| Untracked 
|   6|0x0000000080600000, 0x0000000080700000, 0x0000000080700000|100%| O|  |TAMS 0x0000000080700000, 0x0000000080600000| Untracked 
|   7|0x0000000080700000, 0x0000000080800000, 0x0000000080800000|100%| O|  |TAMS 0x0000000080800000, 0x0000000080700000| Untracked 
|   8|0x0000000080800000, 0x0000000080900000, 0x0000000080900000|100%| O|  |TAMS 0x0000000080900000, 0x0000000080800000| Untracked 
|   9|0x0000000080900000, 0x0000000080a00000, 0x0000000080a00000|100%| O|  |TAMS 0x0000000080a00000, 0x0000000080900000| Untracked 
|  10|0x0000000080a00000, 0x0000000080b00000, 0x0000000080b00000|100%| O|  |TAMS 0x0000000080b00000, 0x0000000080a00000| Untracked 
|  11|0x0000000080b00000, 0x0000000080c00000, 0x0000000080c00000|100%| O|  |TAMS 0x0000000080c00000, 0x0000000080b00000| Untracked 
|  12|0x0000000080c00000, 0x0000000080d00000, 0x0000000080d00000|100%| O|  |TAMS 0x0000000080d00000, 0x0000000080c00000| Untracked 
|  13|0x0000000080d00000, 0x0000000080e00000, 0x0000000080e00000|100%| O|  |TAMS 0x0000000080e00000, 0x0000000080d00000| Untracked 
|  14|0x0000000080e00000, 0x0000000080f00000, 0x0000000080f00000|100%| O|  |TAMS 0x0000000080f00000, 0x0000000080e00000| Untracked 
|  15|0x0000000080f00000, 0x0000000081000000, 0x0000000081000000|100%| O|  |TAMS 0x0000000081000000, 0x0000000080f00000| Untracked 
|  16|0x0000000081000000, 0x0000000081100000, 0x0000000081100000|100%| O|  |TAMS 0x0000000081100000, 0x0000000081000000| Untracked 
|  17|0x0000000081100000, 0x0000000081200000, 0x0000000081200000|100%| O|  |TAMS 0x0000000081200000, 0x0000000081100000| Untracked 
|  18|0x0000000081200000, 0x0000000081300000, 0x0000000081300000|100%| O|  |TAMS 0x0000000081300000, 0x0000000081200000| Untracked 
|  19|0x0000000081300000, 0x0000000081400000, 0x0000000081400000|100%| O|  |TAMS 0x0000000081400000, 0x0000000081300000| Untracked 
|  20|0x0000000081400000, 0x0000000081500000, 0x0000000081500000|100%| O|  |TAMS 0x0000000081500000, 0x0000000081400000| Untracked 
|  21|0x0000000081500000, 0x0000000081500000, 0x0000000081600000|  0%| F|  |TAMS 0x0000000081500000, 0x0000000081500000| Untracked 
|  22|0x0000000081600000, 0x0000000081700000, 0x0000000081700000|100%|HS|  |TAMS 0x0000000081700000, 0x0000000081600000| Complete 
|  23|0x0000000081700000, 0x0000000081800000, 0x0000000081800000|100%|HC|  |TAMS 0x0000000081800000, 0x0000000081700000| Complete 
|  24|0x0000000081800000, 0x0000000081900000, 0x0000000081900000|100%|HC|  |TAMS 0x0000000081900000, 0x0000000081800000| Complete 
|  25|0x0000000081900000, 0x0000000081a00000, 0x0000000081a00000|100%|HC|  |TAMS 0x0000000081a00000, 0x0000000081900000| Complete 
|  26|0x0000000081a00000, 0x0000000081b00000, 0x0000000081b00000|100%|HC|  |TAMS 0x0000000081b00000, 0x0000000081a00000| Complete 
|  27|0x0000000081b00000, 0x0000000081c00000, 0x0000000081c00000|100%|HS|  |TAMS 0x0000000081c00000, 0x0000000081b00000| Complete 
|  28|0x0000000081c00000, 0x0000000081d00000, 0x0000000081d00000|100%|HC|  |TAMS 0x0000000081d00000, 0x0000000081c00000| Complete 
|  29|0x0000000081d00000, 0x0000000081e00000, 0x0000000081e00000|100%|HC|  |TAMS 0x0000000081e00000, 0x0000000081d00000| Complete 
|  30|0x0000000081e00000, 0x0000000081f00000, 0x0000000081f00000|100%|HS|  |TAMS 0x0000000081f00000, 0x0000000081e00000| Complete 
|  31|0x0000000081f00000, 0x0000000082000000, 0x0000000082000000|100%|HC|  |TAMS 0x0000000082000000, 0x0000000081f00000| Complete 
|  32|0x0000000082000000, 0x0000000082100000, 0x0000000082100000|100%|HC|  |TAMS 0x0000000082100000, 0x0000000082000000| Complete 
|  33|0x0000000082100000, 0x0000000082200000, 0x0000000082200000|100%| O|  |TAMS 0x0000000082200000, 0x0000000082100000| Untracked 
|  34|0x0000000082200000, 0x0000000082300000, 0x0000000082300000|100%| O|  |TAMS 0x0000000082300000, 0x0000000082200000| Untracked 
|  35|0x0000000082300000, 0x0000000082400000, 0x0000000082400000|100%| O|  |TAMS 0x0000000082400000, 0x0000000082300000| Untracked 
|  36|0x0000000082400000, 0x0000000082500000, 0x0000000082500000|100%| O|  |TAMS 0x0000000082500000, 0x0000000082400000| Untracked 
|  37|0x0000000082500000, 0x0000000082600000, 0x0000000082600000|100%| O|  |TAMS 0x0000000082600000, 0x0000000082500000| Untracked 
|  38|0x0000000082600000, 0x0000000082700000, 0x0000000082700000|100%| O|  |TAMS 0x0000000082700000, 0x0000000082600000| Untracked 
|  39|0x0000000082700000, 0x0000000082800000, 0x0000000082800000|100%| O|  |TAMS 0x0000000082800000, 0x0000000082700000| Untracked 
|  40|0x0000000082800000, 0x0000000082900000, 0x0000000082900000|100%| O|  |TAMS 0x0000000082900000, 0x0000000082800000| Untracked 
|  41|0x0000000082900000, 0x0000000082a00000, 0x0000000082a00000|100%| O|  |TAMS 0x0000000082a00000, 0x0000000082900000| Complete 
|  42|0x0000000082a00000, 0x0000000082b00000, 0x0000000082b00000|100%| O|  |TAMS 0x0000000082b00000, 0x0000000082a00000| Untracked 
|  43|0x0000000082b00000, 0x0000000082c00000, 0x0000000082c00000|100%| O|  |TAMS 0x0000000082c00000, 0x0000000082b00000| Untracked 
|  44|0x0000000082c00000, 0x0000000082d00000, 0x0000000082d00000|100%| O|  |TAMS 0x0000000082d00000, 0x0000000082c00000| Untracked 
|  45|0x0000000082d00000, 0x0000000082e00000, 0x0000000082e00000|100%| O|  |TAMS 0x0000000082e00000, 0x0000000082d00000| Untracked 
|  46|0x0000000082e00000, 0x0000000082f00000, 0x0000000082f00000|100%|HS|  |TAMS 0x0000000082f00000, 0x0000000082e00000| Complete 
|  47|0x0000000082f00000, 0x0000000083000000, 0x0000000083000000|100%|HC|  |TAMS 0x0000000083000000, 0x0000000082f00000| Complete 
|  48|0x0000000083000000, 0x0000000083100000, 0x0000000083100000|100%|HC|  |TAMS 0x0000000083100000, 0x0000000083000000| Complete 
|  49|0x0000000083100000, 0x0000000083200000, 0x0000000083200000|100%|HC|  |TAMS 0x0000000083200000, 0x0000000083100000| Complete 
|  50|0x0000000083200000, 0x0000000083300000, 0x0000000083300000|100%|HC|  |TAMS 0x0000000083300000, 0x0000000083200000| Complete 
|  51|0x0000000083300000, 0x0000000083400000, 0x0000000083400000|100%| O|  |TAMS 0x0000000083400000, 0x0000000083300000| Untracked 
|  52|0x0000000083400000, 0x0000000083500000, 0x0000000083500000|100%| O|  |TAMS 0x0000000083500000, 0x0000000083400000| Untracked 
|  53|0x0000000083500000, 0x0000000083600000, 0x0000000083600000|100%| O|  |TAMS 0x0000000083600000, 0x0000000083500000| Untracked 
|  54|0x0000000083600000, 0x0000000083700000, 0x0000000083700000|100%| O|  |TAMS 0x0000000083700000, 0x0000000083600000| Untracked 
|  55|0x0000000083700000, 0x0000000083800000, 0x0000000083800000|100%| O|  |TAMS 0x0000000083800000, 0x0000000083700000| Untracked 
|  56|0x0000000083800000, 0x0000000083900000, 0x0000000083900000|100%| O|  |TAMS 0x0000000083900000, 0x0000000083800000| Untracked 
|  57|0x0000000083900000, 0x0000000083a00000, 0x0000000083a00000|100%| O|  |TAMS 0x0000000083a00000, 0x0000000083900000| Untracked 
|  58|0x0000000083a00000, 0x0000000083b00000, 0x0000000083b00000|100%| O|  |TAMS 0x0000000083b00000, 0x0000000083a00000| Untracked 
|  59|0x0000000083b00000, 0x0000000083c00000, 0x0000000083c00000|100%| O|  |TAMS 0x0000000083c00000, 0x0000000083b00000| Untracked 
|  60|0x0000000083c00000, 0x0000000083d00000, 0x0000000083d00000|100%| O|  |TAMS 0x0000000083d00000, 0x0000000083c00000| Untracked 
|  61|0x0000000083d00000, 0x0000000083e00000, 0x0000000083e00000|100%| O|  |TAMS 0x0000000083e00000, 0x0000000083d00000| Untracked 
|  62|0x0000000083e00000, 0x0000000083f00000, 0x0000000083f00000|100%| O|  |TAMS 0x0000000083f00000, 0x0000000083e00000| Untracked 
|  63|0x0000000083f00000, 0x0000000084000000, 0x0000000084000000|100%| O|  |TAMS 0x0000000084000000, 0x0000000083f00000| Untracked 
|  64|0x0000000084000000, 0x0000000084100000, 0x0000000084100000|100%| O|  |TAMS 0x0000000084100000, 0x0000000084000000| Untracked 
|  65|0x0000000084100000, 0x0000000084200000, 0x0000000084200000|100%| O|  |TAMS 0x0000000084200000, 0x0000000084100000| Untracked 
|  66|0x0000000084200000, 0x0000000084300000, 0x0000000084300000|100%| O|  |TAMS 0x0000000084300000, 0x0000000084200000| Untracked 
|  67|0x0000000084300000, 0x0000000084400000, 0x0000000084400000|100%|HS|  |TAMS 0x0000000084400000, 0x0000000084300000| Complete 
|  68|0x0000000084400000, 0x0000000084500000, 0x0000000084500000|100%|HC|  |TAMS 0x0000000084500000, 0x0000000084400000| Complete 
|  69|0x0000000084500000, 0x0000000084600000, 0x0000000084600000|100%|HS|  |TAMS 0x0000000084600000, 0x0000000084500000| Complete 
|  70|0x0000000084600000, 0x0000000084700000, 0x0000000084700000|100%|HC|  |TAMS 0x0000000084700000, 0x0000000084600000| Complete 
|  71|0x0000000084700000, 0x0000000084800000, 0x0000000084800000|100%|HS|  |TAMS 0x0000000084800000, 0x0000000084700000| Complete 
|  72|0x0000000084800000, 0x0000000084900000, 0x0000000084900000|100%|HC|  |TAMS 0x0000000084900000, 0x0000000084800000| Complete 
|  73|0x0000000084900000, 0x0000000084a00000, 0x0000000084a00000|100%|HC|  |TAMS 0x0000000084a00000, 0x0000000084900000| Complete 
|  74|0x0000000084a00000, 0x0000000084b00000, 0x0000000084b00000|100%|HC|  |TAMS 0x0000000084b00000, 0x0000000084a00000| Complete 
|  75|0x0000000084b00000, 0x0000000084c00000, 0x0000000084c00000|100%|HS|  |TAMS 0x0000000084c00000, 0x0000000084b00000| Complete 
|  76|0x0000000084c00000, 0x0000000084d00000, 0x0000000084d00000|100%|HC|  |TAMS 0x0000000084d00000, 0x0000000084c00000| Complete 
|  77|0x0000000084d00000, 0x0000000084e00000, 0x0000000084e00000|100%|HC|  |TAMS 0x0000000084e00000, 0x0000000084d00000| Complete 
|  78|0x0000000084e00000, 0x0000000084f00000, 0x0000000084f00000|100%|HC|  |TAMS 0x0000000084f00000, 0x0000000084e00000| Complete 
|  79|0x0000000084f00000, 0x0000000085000000, 0x0000000085000000|100%| O|  |TAMS 0x0000000085000000, 0x0000000084f00000| Untracked 
|  80|0x0000000085000000, 0x0000000085100000, 0x0000000085100000|100%| O|  |TAMS 0x0000000085100000, 0x0000000085000000| Untracked 
|  81|0x0000000085100000, 0x0000000085200000, 0x0000000085200000|100%| O|  |TAMS 0x0000000085200000, 0x0000000085100000| Untracked 
|  82|0x0000000085200000, 0x0000000085300000, 0x0000000085300000|100%| O|  |TAMS 0x0000000085300000, 0x0000000085200000| Untracked 
|  83|0x0000000085300000, 0x0000000085400000, 0x0000000085400000|100%| O|  |TAMS 0x0000000085400000, 0x0000000085300000| Untracked 
|  84|0x0000000085400000, 0x0000000085500000, 0x0000000085500000|100%| O|  |TAMS 0x0000000085500000, 0x0000000085400000| Untracked 
|  85|0x0000000085500000, 0x0000000085600000, 0x0000000085600000|100%| O|  |TAMS 0x0000000085600000, 0x0000000085500000| Untracked 
|  86|0x0000000085600000, 0x0000000085700000, 0x0000000085700000|100%| O|  |TAMS 0x0000000085700000, 0x0000000085600000| Untracked 
|  87|0x0000000085700000, 0x0000000085800000, 0x0000000085800000|100%| O|  |TAMS 0x0000000085800000, 0x0000000085700000| Untracked 
|  88|0x0000000085800000, 0x0000000085900000, 0x0000000085900000|100%| O|  |TAMS 0x0000000085900000, 0x0000000085800000| Untracked 
|  89|0x0000000085900000, 0x0000000085a00000, 0x0000000085a00000|100%| O|  |TAMS 0x0000000085a00000, 0x0000000085900000| Untracked 
|  90|0x0000000085a00000, 0x0000000085b00000, 0x0000000085b00000|100%| O|  |TAMS 0x0000000085b00000, 0x0000000085a00000| Untracked 
|  91|0x0000000085b00000, 0x0000000085c00000, 0x0000000085c00000|100%| O|  |TAMS 0x0000000085c00000, 0x0000000085b00000| Untracked 
|  92|0x0000000085c00000, 0x0000000085d00000, 0x0000000085d00000|100%| O|  |TAMS 0x0000000085d00000, 0x0000000085c00000| Untracked 
|  93|0x0000000085d00000, 0x0000000085da4e00, 0x0000000085e00000| 64%| O|  |TAMS 0x0000000085da4e00, 0x0000000085d00000| Untracked 
|  94|0x0000000085e00000, 0x0000000085e00000, 0x0000000085f00000|  0%| F|  |TAMS 0x0000000085e00000, 0x0000000085e00000| Untracked 
|  95|0x0000000085f00000, 0x0000000085f00000, 0x0000000086000000|  0%| F|  |TAMS 0x0000000085f00000, 0x0000000085f00000| Untracked 
|  96|0x0000000086000000, 0x0000000086000000, 0x0000000086100000|  0%| F|  |TAMS 0x0000000086000000, 0x0000000086000000| Untracked 
|  97|0x0000000086100000, 0x0000000086100000, 0x0000000086200000|  0%| F|  |TAMS 0x0000000086100000, 0x0000000086100000| Untracked 
|  98|0x0000000086200000, 0x0000000086200000, 0x0000000086300000|  0%| F|  |TAMS 0x0000000086200000, 0x0000000086200000| Untracked 
|  99|0x0000000086300000, 0x0000000086300000, 0x0000000086400000|  0%| F|  |TAMS 0x0000000086300000, 0x0000000086300000| Untracked 
| 100|0x0000000086400000, 0x0000000086400000, 0x0000000086500000|  0%| F|  |TAMS 0x0000000086400000, 0x0000000086400000| Untracked 
| 101|0x0000000086500000, 0x0000000086500000, 0x0000000086600000|  0%| F|  |TAMS 0x0000000086500000, 0x0000000086500000| Untracked 
| 102|0x0000000086600000, 0x0000000086600000, 0x0000000086700000|  0%| F|  |TAMS 0x0000000086600000, 0x0000000086600000| Untracked 
| 103|0x0000000086700000, 0x0000000086700000, 0x0000000086800000|  0%| F|  |TAMS 0x0000000086700000, 0x0000000086700000| Untracked 
| 104|0x0000000086800000, 0x0000000086800000, 0x0000000086900000|  0%| F|  |TAMS 0x0000000086800000, 0x0000000086800000| Untracked 
| 105|0x0000000086900000, 0x0000000086900000, 0x0000000086a00000|  0%| F|  |TAMS 0x0000000086900000, 0x0000000086900000| Untracked 
| 106|0x0000000086a00000, 0x0000000086a00000, 0x0000000086b00000|  0%| F|  |TAMS 0x0000000086a00000, 0x0000000086a00000| Untracked 
| 107|0x0000000086b00000, 0x0000000086b00000, 0x0000000086c00000|  0%| F|  |TAMS 0x0000000086b00000, 0x0000000086b00000| Untracked 
| 108|0x0000000086c00000, 0x0000000086c00000, 0x0000000086d00000|  0%| F|  |TAMS 0x0000000086c00000, 0x0000000086c00000| Untracked 
| 109|0x0000000086d00000, 0x0000000086d00000, 0x0000000086e00000|  0%| F|  |TAMS 0x0000000086d00000, 0x0000000086d00000| Untracked 
| 110|0x0000000086e00000, 0x0000000086e00000, 0x0000000086f00000|  0%| F|  |TAMS 0x0000000086e00000, 0x0000000086e00000| Untracked 
| 111|0x0000000086f00000, 0x0000000086f00000, 0x0000000087000000|  0%| F|  |TAMS 0x0000000086f00000, 0x0000000086f00000| Untracked 
| 112|0x0000000087000000, 0x0000000087000000, 0x0000000087100000|  0%| F|  |TAMS 0x0000000087000000, 0x0000000087000000| Untracked 
| 113|0x0000000087100000, 0x0000000087100000, 0x0000000087200000|  0%| F|  |TAMS 0x0000000087100000, 0x0000000087100000| Untracked 
| 114|0x0000000087200000, 0x0000000087200000, 0x0000000087300000|  0%| F|  |TAMS 0x0000000087200000, 0x0000000087200000| Untracked 
| 115|0x0000000087300000, 0x0000000087300000, 0x0000000087400000|  0%| F|  |TAMS 0x0000000087300000, 0x0000000087300000| Untracked 
| 116|0x0000000087400000, 0x0000000087400000, 0x0000000087500000|  0%| F|  |TAMS 0x0000000087400000, 0x0000000087400000| Untracked 
| 117|0x0000000087500000, 0x0000000087500000, 0x0000000087600000|  0%| F|  |TAMS 0x0000000087500000, 0x0000000087500000| Untracked 
| 118|0x0000000087600000, 0x0000000087600000, 0x0000000087700000|  0%| F|  |TAMS 0x0000000087600000, 0x0000000087600000| Untracked 
| 119|0x0000000087700000, 0x00000000877d9e70, 0x0000000087800000| 85%| S|CS|TAMS 0x0000000087700000, 0x0000000087700000| Complete 
| 120|0x0000000087800000, 0x0000000087900000, 0x0000000087900000|100%| S|CS|TAMS 0x0000000087800000, 0x0000000087800000| Complete 
| 121|0x0000000087900000, 0x0000000087a00000, 0x0000000087a00000|100%| S|CS|TAMS 0x0000000087900000, 0x0000000087900000| Complete 
| 122|0x0000000087a00000, 0x0000000087a00000, 0x0000000087b00000|  0%| F|  |TAMS 0x0000000087a00000, 0x0000000087a00000| Untracked 
| 123|0x0000000087b00000, 0x0000000087b00000, 0x0000000087c00000|  0%| F|  |TAMS 0x0000000087b00000, 0x0000000087b00000| Untracked 
| 124|0x0000000087c00000, 0x0000000087c00000, 0x0000000087d00000|  0%| F|  |TAMS 0x0000000087c00000, 0x0000000087c00000| Untracked 
| 125|0x0000000087d00000, 0x0000000087d00000, 0x0000000087e00000|  0%| F|  |TAMS 0x0000000087d00000, 0x0000000087d00000| Untracked 
| 126|0x0000000087e00000, 0x0000000087e00000, 0x0000000087f00000|  0%| F|  |TAMS 0x0000000087e00000, 0x0000000087e00000| Untracked 
| 127|0x0000000087f00000, 0x0000000087f00000, 0x0000000088000000|  0%| F|  |TAMS 0x0000000087f00000, 0x0000000087f00000| Untracked 
| 128|0x0000000088000000, 0x0000000088000000, 0x0000000088100000|  0%| F|  |TAMS 0x0000000088000000, 0x0000000088000000| Untracked 
| 129|0x0000000088100000, 0x0000000088100000, 0x0000000088200000|  0%| F|  |TAMS 0x0000000088100000, 0x0000000088100000| Untracked 
| 130|0x0000000088200000, 0x0000000088200000, 0x0000000088300000|  0%| F|  |TAMS 0x0000000088200000, 0x0000000088200000| Untracked 
| 131|0x0000000088300000, 0x0000000088300000, 0x0000000088400000|  0%| F|  |TAMS 0x0000000088300000, 0x0000000088300000| Untracked 
| 132|0x0000000088400000, 0x0000000088400000, 0x0000000088500000|  0%| F|  |TAMS 0x0000000088400000, 0x0000000088400000| Untracked 
| 133|0x0000000088500000, 0x0000000088500000, 0x0000000088600000|  0%| F|  |TAMS 0x0000000088500000, 0x0000000088500000| Untracked 
| 134|0x0000000088600000, 0x0000000088600000, 0x0000000088700000|  0%| F|  |TAMS 0x0000000088600000, 0x0000000088600000| Untracked 
| 135|0x0000000088700000, 0x0000000088700000, 0x0000000088800000|  0%| F|  |TAMS 0x0000000088700000, 0x0000000088700000| Untracked 
| 136|0x0000000088800000, 0x0000000088800000, 0x0000000088900000|  0%| F|  |TAMS 0x0000000088800000, 0x0000000088800000| Untracked 
| 137|0x0000000088900000, 0x0000000088900000, 0x0000000088a00000|  0%| F|  |TAMS 0x0000000088900000, 0x0000000088900000| Untracked 
| 138|0x0000000088a00000, 0x0000000088a00000, 0x0000000088b00000|  0%| F|  |TAMS 0x0000000088a00000, 0x0000000088a00000| Untracked 
| 139|0x0000000088b00000, 0x0000000088b00000, 0x0000000088c00000|  0%| F|  |TAMS 0x0000000088b00000, 0x0000000088b00000| Untracked 
| 140|0x0000000088c00000, 0x0000000088c00000, 0x0000000088d00000|  0%| F|  |TAMS 0x0000000088c00000, 0x0000000088c00000| Untracked 
| 141|0x0000000088d00000, 0x0000000088d00000, 0x0000000088e00000|  0%| F|  |TAMS 0x0000000088d00000, 0x0000000088d00000| Untracked 
| 142|0x0000000088e00000, 0x0000000088e00000, 0x0000000088f00000|  0%| F|  |TAMS 0x0000000088e00000, 0x0000000088e00000| Untracked 
| 143|0x0000000088f00000, 0x0000000088f00000, 0x0000000089000000|  0%| F|  |TAMS 0x0000000088f00000, 0x0000000088f00000| Untracked 
| 144|0x0000000089000000, 0x0000000089000000, 0x0000000089100000|  0%| F|  |TAMS 0x0000000089000000, 0x0000000089000000| Untracked 
| 145|0x0000000089100000, 0x0000000089100000, 0x0000000089200000|  0%| F|  |TAMS 0x0000000089100000, 0x0000000089100000| Untracked 
| 146|0x0000000089200000, 0x0000000089200000, 0x0000000089300000|  0%| F|  |TAMS 0x0000000089200000, 0x0000000089200000| Untracked 
| 147|0x0000000089300000, 0x0000000089300000, 0x0000000089400000|  0%| F|  |TAMS 0x0000000089300000, 0x0000000089300000| Untracked 
| 148|0x0000000089400000, 0x0000000089400000, 0x0000000089500000|  0%| F|  |TAMS 0x0000000089400000, 0x0000000089400000| Untracked 
| 149|0x0000000089500000, 0x0000000089500000, 0x0000000089600000|  0%| F|  |TAMS 0x0000000089500000, 0x0000000089500000| Untracked 
| 150|0x0000000089600000, 0x0000000089600000, 0x0000000089700000|  0%| F|  |TAMS 0x0000000089600000, 0x0000000089600000| Untracked 
| 151|0x0000000089700000, 0x0000000089700000, 0x0000000089800000|  0%| F|  |TAMS 0x0000000089700000, 0x0000000089700000| Untracked 
| 152|0x0000000089800000, 0x0000000089800000, 0x0000000089900000|  0%| F|  |TAMS 0x0000000089800000, 0x0000000089800000| Untracked 
| 153|0x0000000089900000, 0x0000000089900000, 0x0000000089a00000|  0%| F|  |TAMS 0x0000000089900000, 0x0000000089900000| Untracked 
| 154|0x0000000089a00000, 0x0000000089a00000, 0x0000000089b00000|  0%| F|  |TAMS 0x0000000089a00000, 0x0000000089a00000| Untracked 
| 155|0x0000000089b00000, 0x0000000089b00000, 0x0000000089c00000|  0%| F|  |TAMS 0x0000000089b00000, 0x0000000089b00000| Untracked 
| 156|0x0000000089c00000, 0x0000000089c00000, 0x0000000089d00000|  0%| F|  |TAMS 0x0000000089c00000, 0x0000000089c00000| Untracked 
| 157|0x0000000089d00000, 0x0000000089d00000, 0x0000000089e00000|  0%| F|  |TAMS 0x0000000089d00000, 0x0000000089d00000| Untracked 
| 158|0x0000000089e00000, 0x0000000089e00000, 0x0000000089f00000|  0%| F|  |TAMS 0x0000000089e00000, 0x0000000089e00000| Untracked 
| 159|0x0000000089f00000, 0x0000000089f00000, 0x000000008a000000|  0%| F|  |TAMS 0x0000000089f00000, 0x0000000089f00000| Untracked 
| 160|0x000000008a000000, 0x000000008a000000, 0x000000008a100000|  0%| F|  |TAMS 0x000000008a000000, 0x000000008a000000| Untracked 
| 161|0x000000008a100000, 0x000000008a100000, 0x000000008a200000|  0%| F|  |TAMS 0x000000008a100000, 0x000000008a100000| Untracked 
| 162|0x000000008a200000, 0x000000008a200000, 0x000000008a300000|  0%| F|  |TAMS 0x000000008a200000, 0x000000008a200000| Untracked 
| 163|0x000000008a300000, 0x000000008a300000, 0x000000008a400000|  0%| F|  |TAMS 0x000000008a300000, 0x000000008a300000| Untracked 
| 164|0x000000008a400000, 0x000000008a400000, 0x000000008a500000|  0%| F|  |TAMS 0x000000008a400000, 0x000000008a400000| Untracked 
| 165|0x000000008a500000, 0x000000008a500000, 0x000000008a600000|  0%| F|  |TAMS 0x000000008a500000, 0x000000008a500000| Untracked 
| 166|0x000000008a600000, 0x000000008a600000, 0x000000008a700000|  0%| F|  |TAMS 0x000000008a600000, 0x000000008a600000| Untracked 
| 167|0x000000008a700000, 0x000000008a700000, 0x000000008a800000|  0%| F|  |TAMS 0x000000008a700000, 0x000000008a700000| Untracked 
| 168|0x000000008a800000, 0x000000008a800000, 0x000000008a900000|  0%| F|  |TAMS 0x000000008a800000, 0x000000008a800000| Untracked 
| 169|0x000000008a900000, 0x000000008a900000, 0x000000008aa00000|  0%| F|  |TAMS 0x000000008a900000, 0x000000008a900000| Untracked 
| 170|0x000000008aa00000, 0x000000008aa00000, 0x000000008ab00000|  0%| F|  |TAMS 0x000000008aa00000, 0x000000008aa00000| Untracked 
| 171|0x000000008ab00000, 0x000000008ab00000, 0x000000008ac00000|  0%| F|  |TAMS 0x000000008ab00000, 0x000000008ab00000| Untracked 
| 172|0x000000008ac00000, 0x000000008ac00000, 0x000000008ad00000|  0%| F|  |TAMS 0x000000008ac00000, 0x000000008ac00000| Untracked 
| 173|0x000000008ad00000, 0x000000008ad00000, 0x000000008ae00000|  0%| F|  |TAMS 0x000000008ad00000, 0x000000008ad00000| Untracked 
| 174|0x000000008ae00000, 0x000000008ae00000, 0x000000008af00000|  0%| F|  |TAMS 0x000000008ae00000, 0x000000008ae00000| Untracked 
| 175|0x000000008af00000, 0x000000008af00000, 0x000000008b000000|  0%| F|  |TAMS 0x000000008af00000, 0x000000008af00000| Untracked 
| 176|0x000000008b000000, 0x000000008b000000, 0x000000008b100000|  0%| F|  |TAMS 0x000000008b000000, 0x000000008b000000| Untracked 
| 177|0x000000008b100000, 0x000000008b200000, 0x000000008b200000|100%| E|  |TAMS 0x000000008b100000, 0x000000008b100000| Complete 
| 178|0x000000008b200000, 0x000000008b300000, 0x000000008b300000|100%| E|CS|TAMS 0x000000008b200000, 0x000000008b200000| Complete 
| 192|0x000000008c000000, 0x000000008c100000, 0x000000008c100000|100%| E|CS|TAMS 0x000000008c000000, 0x000000008c000000| Complete 
| 193|0x000000008c100000, 0x000000008c200000, 0x000000008c200000|100%| E|CS|TAMS 0x000000008c100000, 0x000000008c100000| Complete 
| 194|0x000000008c200000, 0x000000008c300000, 0x000000008c300000|100%| E|CS|TAMS 0x000000008c200000, 0x000000008c200000| Complete 
| 195|0x000000008c300000, 0x000000008c400000, 0x000000008c400000|100%| E|CS|TAMS 0x000000008c300000, 0x000000008c300000| Complete 
| 196|0x000000008c400000, 0x000000008c4fffd0, 0x000000008c500000| 99%| E|  |TAMS 0x000000008c400000, 0x000000008c400000| Complete 
| 197|0x000000008c500000, 0x000000008c600000, 0x000000008c600000|100%| E|CS|TAMS 0x000000008c500000, 0x000000008c500000| Complete 
| 198|0x000000008c600000, 0x000000008c700000, 0x000000008c700000|100%| E|CS|TAMS 0x000000008c600000, 0x000000008c600000| Complete 
| 199|0x000000008c700000, 0x000000008c800000, 0x000000008c800000|100%| E|CS|TAMS 0x000000008c700000, 0x000000008c700000| Complete 
| 200|0x000000008c800000, 0x000000008c900000, 0x000000008c900000|100%| E|CS|TAMS 0x000000008c800000, 0x000000008c800000| Complete 
| 251|0x000000008fb00000, 0x000000008fc00000, 0x000000008fc00000|100%| E|CS|TAMS 0x000000008fb00000, 0x000000008fb00000| Complete 

Card table byte_map: [0x000002cb503b0000,0x000002cb507b0000] _byte_map_base: 0x000002cb4ffb0000

Marking Bits (Prev, Next): (CMBitMap*) 0x000002cb3d7fbbe0, (CMBitMap*) 0x000002cb3d7fbba0
 Prev Bits: [0x000002cb52bb0000, 0x000002cb54bb0000)
 Next Bits: [0x000002cb50bb0000, 0x000002cb52bb0000)

Polling page: 0x000002cb3b680000

Metaspace:

Usage:
  Non-class:     67.93 MB used.
      Class:     11.10 MB used.
       Both:     79.04 MB used.

Virtual space:
  Non-class space:      128.00 MB reserved,      68.38 MB ( 53%) committed,  2 nodes.
      Class space:      416.00 MB reserved,      11.50 MB (  3%) committed,  1 nodes.
             Both:      544.00 MB reserved,      79.88 MB ( 15%) committed. 

Chunk freelists:
   Non-Class:  11.44 MB
       Class:  4.47 MB
        Both:  15.91 MB

MaxMetaspaceSize: 512.00 MB
CompressedClassSpaceSize: 416.00 MB
Initial GC threshold: 21.00 MB
Current GC threshold: 132.00 MB
CDS: off
MetaspaceReclaimPolicy: balanced
 - commit_granule_bytes: 65536.
 - commit_granule_words: 8192.
 - virtual_space_node_default_size: 8388608.
 - enlarge_chunks_in_place: 1.
 - new_chunks_are_fully_committed: 0.
 - uncommit_free_chunks: 1.
 - use_allocation_guard: 0.
 - handle_deallocations: 1.


Internal statistics:

num_allocs_failed_limit: 6.
num_arena_births: 1098.
num_arena_deaths: 0.
num_vsnodes_births: 3.
num_vsnodes_deaths: 0.
num_space_committed: 1278.
num_space_uncommitted: 0.
num_chunks_returned_to_freelist: 6.
num_chunks_taken_from_freelist: 4253.
num_chunk_merges: 6.
num_chunk_splits: 2682.
num_chunks_enlarged: 1657.
num_inconsistent_stats: 0.

CodeHeap 'non-profiled nmethods': size=120000Kb used=4659Kb max_used=4659Kb free=115340Kb
 bounds [0x000002cb48750000, 0x000002cb48be0000, 0x000002cb4fc80000]
CodeHeap 'profiled nmethods': size=120000Kb used=15704Kb max_used=15704Kb free=104296Kb
 bounds [0x000002cb40c80000, 0x000002cb41be0000, 0x000002cb481b0000]
CodeHeap 'non-nmethods': size=5760Kb used=2382Kb max_used=2430Kb free=3377Kb
 bounds [0x000002cb481b0000, 0x000002cb48420000, 0x000002cb48750000]
 total_blobs=8997 nmethods=8099 adapters=808
 compilation: enabled
              stopped_count=0, restarted_count=0
 full_count=0

Compilation events (20 events):
Event: 14.442 Thread 0x000002cb577f6d70 8808       3       java.util.stream.IntPipeline$StatelessOp::<init> (29 bytes)
Event: 14.442 Thread 0x000002cb577f6d70 nmethod 8808 0x000002cb41bbdd10 code [0x000002cb41bbdec0, 0x000002cb41bbe088]
Event: 14.442 Thread 0x000002cb577f6d70 8809       3       java.util.stream.IntPipeline::<init> (7 bytes)
Event: 14.442 Thread 0x000002cb577f6d70 nmethod 8809 0x000002cb41bbe190 code [0x000002cb41bbe320, 0x000002cb41bbe468]
Event: 14.442 Thread 0x000002cb577f6d70 8810       3       java.util.stream.ReferencePipeline::mapToInt (26 bytes)
Event: 14.442 Thread 0x000002cb577f6d70 nmethod 8810 0x000002cb41bbe510 code [0x000002cb41bbe700, 0x000002cb41bbec18]
Event: 14.442 Thread 0x000002cb577f6d70 8811       3       java.util.stream.ReferencePipeline$4::<init> (20 bytes)
Event: 14.443 Thread 0x000002cb577f6d70 nmethod 8811 0x000002cb41bbee10 code [0x000002cb41bbefc0, 0x000002cb41bbf2a8]
Event: 14.443 Thread 0x000002cb577f6d70 8804       3       org.gradle.internal.fingerprint.impl.DefaultFileSystemLocationFingerprint::<init> (19 bytes)
Event: 14.443 Thread 0x000002cb577f6d70 nmethod 8804 0x000002cb41bbf410 code [0x000002cb41bbf5c0, 0x000002cb41bbf828]
Event: 14.443 Thread 0x000002cb577f5e50 nmethod 8805 0x000002cb48bd8010 code [0x000002cb48bd81a0, 0x000002cb48bd84b8]
Event: 14.444 Thread 0x000002cb577f5e50 8803       4       com.google.common.collect.MapMakerInternalMap$Segment::getFirst (21 bytes)
Event: 14.445 Thread 0x000002cb577f5e50 nmethod 8803 0x000002cb48bd8690 code [0x000002cb48bd8820, 0x000002cb48bd8938]
Event: 14.445 Thread 0x000002cb577f5e50 8812       4       java.util.ArrayDeque::isEmpty (17 bytes)
Event: 14.445 Thread 0x000002cb577f5e50 nmethod 8812 0x000002cb48bd8b10 code [0x000002cb48bd8c80, 0x000002cb48bd8d18]
Event: 14.453 Thread 0x000002cb577f5e50 8815       4       com.google.common.base.CharMatcher::indexIn (48 bytes)
Event: 14.456 Thread 0x000002cb577f6d70 8816       1       org.gradle.api.internal.file.pattern.FixedStepPathMatcher::getMaxSegments (5 bytes)
Event: 14.456 Thread 0x000002cb577f6d70 nmethod 8816 0x000002cb48bd8e10 code [0x000002cb48bd8fa0, 0x000002cb48bd9078]
Event: 14.456 Thread 0x000002cb577f6d70 8817       1       org.gradle.api.internal.file.pattern.FixedStepPathMatcher::getMinSegments (5 bytes)
Event: 14.456 Thread 0x000002cb577f6d70 nmethod 8817 0x000002cb48bd9110 code [0x000002cb48bd92a0, 0x000002cb48bd9378]

GC Heap History (20 events):
Event: 10.561 GC heap before
{Heap before GC invocations=28 (full 0):
 garbage-first heap   total 112640K, used 91207K [0x0000000080000000, 0x0000000100000000)
  region size 1024K, 30 young (30720K), 4 survivors (4096K)
 Metaspace       used 62939K, committed 63616K, reserved 491520K
  class space    used 8733K, committed 9024K, reserved 425984K
}
Event: 10.565 GC heap after
{Heap after GC invocations=29 (full 0):
 garbage-first heap   total 112640K, used 67836K [0x0000000080000000, 0x0000000100000000)
  region size 1024K, 4 young (4096K), 4 survivors (4096K)
 Metaspace       used 62939K, committed 63616K, reserved 491520K
  class space    used 8733K, committed 9024K, reserved 425984K
}
Event: 10.799 GC heap before
{Heap before GC invocations=30 (full 0):
 garbage-first heap   total 119808K, used 81148K [0x0000000080000000, 0x0000000100000000)
  region size 1024K, 18 young (18432K), 4 survivors (4096K)
 Metaspace       used 64130K, committed 64768K, reserved 491520K
  class space    used 8951K, committed 9216K, reserved 425984K
}
Event: 10.806 GC heap after
{Heap after GC invocations=31 (full 0):
 garbage-first heap   total 119808K, used 68593K [0x0000000080000000, 0x0000000100000000)
  region size 1024K, 1 young (1024K), 1 survivors (1024K)
 Metaspace       used 64130K, committed 64768K, reserved 491520K
  class space    used 8951K, committed 9216K, reserved 425984K
}
Event: 11.273 GC heap before
{Heap before GC invocations=32 (full 0):
 garbage-first heap   total 128000K, used 93169K [0x0000000080000000, 0x0000000100000000)
  region size 1024K, 22 young (22528K), 1 survivors (1024K)
 Metaspace       used 66668K, committed 67392K, reserved 491520K
  class space    used 9293K, committed 9664K, reserved 425984K
}
Event: 11.276 GC heap after
{Heap after GC invocations=33 (full 0):
 garbage-first heap   total 128000K, used 74524K [0x0000000080000000, 0x0000000100000000)
  region size 1024K, 3 young (3072K), 3 survivors (3072K)
 Metaspace       used 66668K, committed 67392K, reserved 491520K
  class space    used 9293K, committed 9664K, reserved 425984K
}
Event: 11.782 GC heap before
{Heap before GC invocations=34 (full 0):
 garbage-first heap   total 143360K, used 112412K [0x0000000080000000, 0x0000000100000000)
  region size 1024K, 32 young (32768K), 3 survivors (3072K)
 Metaspace       used 69324K, committed 70080K, reserved 491520K
  class space    used 9694K, committed 10048K, reserved 425984K
}
Event: 11.785 GC heap after
{Heap after GC invocations=35 (full 0):
 garbage-first heap   total 143360K, used 84299K [0x0000000080000000, 0x0000000100000000)
  region size 1024K, 4 young (4096K), 4 survivors (4096K)
 Metaspace       used 69324K, committed 70080K, reserved 491520K
  class space    used 9694K, committed 10048K, reserved 425984K
}
Event: 12.174 GC heap before
{Heap before GC invocations=35 (full 0):
 garbage-first heap   total 143360K, used 116043K [0x0000000080000000, 0x0000000100000000)
  region size 1024K, 35 young (35840K), 4 survivors (4096K)
 Metaspace       used 72300K, committed 73088K, reserved 491520K
  class space    used 10099K, committed 10496K, reserved 425984K
}
Event: 12.178 GC heap after
{Heap after GC invocations=36 (full 0):
 garbage-first heap   total 143360K, used 86303K [0x0000000080000000, 0x0000000100000000)
  region size 1024K, 4 young (4096K), 4 survivors (4096K)
 Metaspace       used 72300K, committed 73088K, reserved 491520K
  class space    used 10099K, committed 10496K, reserved 425984K
}
Event: 12.490 GC heap before
{Heap before GC invocations=37 (full 0):
 garbage-first heap   total 152576K, used 118047K [0x0000000080000000, 0x0000000100000000)
  region size 1024K, 35 young (35840K), 4 survivors (4096K)
 Metaspace       used 74479K, committed 75264K, reserved 491520K
  class space    used 10381K, committed 10752K, reserved 425984K
}
Event: 12.493 GC heap after
{Heap after GC invocations=38 (full 0):
 garbage-first heap   total 152576K, used 87462K [0x0000000080000000, 0x0000000100000000)
  region size 1024K, 3 young (3072K), 3 survivors (3072K)
 Metaspace       used 74479K, committed 75264K, reserved 491520K
  class space    used 10381K, committed 10752K, reserved 425984K
}
Event: 12.819 GC heap before
{Heap before GC invocations=38 (full 0):
 garbage-first heap   total 152576K, used 124326K [0x0000000080000000, 0x0000000100000000)
  region size 1024K, 39 young (39936K), 3 survivors (3072K)
 Metaspace       used 75985K, committed 76736K, reserved 557056K
  class space    used 10588K, committed 10944K, reserved 425984K
}
Event: 12.823 GC heap after
{Heap after GC invocations=39 (full 0):
 garbage-first heap   total 152576K, used 91564K [0x0000000080000000, 0x0000000100000000)
  region size 1024K, 5 young (5120K), 5 survivors (5120K)
 Metaspace       used 75985K, committed 76736K, reserved 557056K
  class space    used 10588K, committed 10944K, reserved 425984K
}
Event: 13.412 GC heap before
{Heap before GC invocations=40 (full 0):
 garbage-first heap   total 160768K, used 124332K [0x0000000080000000, 0x0000000100000000)
  region size 1024K, 37 young (37888K), 5 survivors (5120K)
 Metaspace       used 77353K, committed 78208K, reserved 557056K
  class space    used 10762K, committed 11200K, reserved 425984K
}
Event: 13.418 GC heap after
{Heap after GC invocations=41 (full 0):
 garbage-first heap   total 160768K, used 95340K [0x0000000080000000, 0x0000000100000000)
  region size 1024K, 5 young (5120K), 5 survivors (5120K)
 Metaspace       used 77353K, committed 78208K, reserved 557056K
  class space    used 10762K, committed 11200K, reserved 425984K
}
Event: 13.488 GC heap before
{Heap before GC invocations=41 (full 0):
 garbage-first heap   total 160768K, used 97388K [0x0000000080000000, 0x0000000100000000)
  region size 1024K, 7 young (7168K), 5 survivors (5120K)
 Metaspace       used 77428K, committed 78272K, reserved 557056K
  class space    used 10762K, committed 11200K, reserved 425984K
}
Event: 13.493 GC heap after
{Heap after GC invocations=42 (full 0):
 garbage-first heap   total 160768K, used 95771K [0x0000000080000000, 0x0000000100000000)
  region size 1024K, 1 young (1024K), 1 survivors (1024K)
 Metaspace       used 77428K, committed 78272K, reserved 557056K
  class space    used 10762K, committed 11200K, reserved 425984K
}
Event: 14.316 GC heap before
{Heap before GC invocations=42 (full 0):
 garbage-first heap   total 160768K, used 130587K [0x0000000080000000, 0x0000000100000000)
  region size 1024K, 35 young (35840K), 1 survivors (1024K)
 Metaspace       used 79900K, committed 80704K, reserved 557056K
  class space    used 11146K, committed 11520K, reserved 425984K
}
Event: 14.320 GC heap after
{Heap after GC invocations=43 (full 0):
 garbage-first heap   total 193536K, used 97787K [0x0000000080000000, 0x0000000100000000)
  region size 1024K, 3 young (3072K), 3 survivors (3072K)
 Metaspace       used 79900K, committed 80704K, reserved 557056K
  class space    used 11146K, committed 11520K, reserved 425984K
}

Dll operation events (3 events):
Event: 0.018 Loaded shared library C:\Program Files\Android\Android Studio\jbr\bin\java.dll
Event: 0.164 Loaded shared library C:\Program Files\Android\Android Studio\jbr\bin\zip.dll
Event: 0.368 Loaded shared library C:\Program Files\Android\Android Studio\jbr\bin\verify.dll

Deoptimization events (20 events):
Event: 14.429 Thread 0x000002cb5f6efc30 Uncommon trap: trap_request=0xffffffc6 fr.pc=0x000002cb487e1c30 relative=0x0000000000000190
Event: 14.429 Thread 0x000002cb5f6efc30 Uncommon trap: reason=bimorphic_or_optimized_type_check action=maybe_recompile pc=0x000002cb487e1c30 method=java.util.stream.StreamOpFlag.fromCharacteristics(Ljava/util/Spliterator;)I @ 14 c2
Event: 14.430 Thread 0x000002cb5f6efc30 DEOPT PACKING pc=0x000002cb487e1c30 sp=0x000000f9159fe130
Event: 14.430 Thread 0x000002cb5f6efc30 DEOPT UNPACKING pc=0x000002cb4820a1a3 sp=0x000000f9159fe018 mode 2
Event: 14.430 Thread 0x000002cb5f6efc30 Uncommon trap: trap_request=0xffffffc6 fr.pc=0x000002cb487e1c30 relative=0x0000000000000190
Event: 14.430 Thread 0x000002cb5f6efc30 Uncommon trap: reason=bimorphic_or_optimized_type_check action=maybe_recompile pc=0x000002cb487e1c30 method=java.util.stream.StreamOpFlag.fromCharacteristics(Ljava/util/Spliterator;)I @ 14 c2
Event: 14.430 Thread 0x000002cb5f6efc30 DEOPT PACKING pc=0x000002cb487e1c30 sp=0x000000f9159fe130
Event: 14.430 Thread 0x000002cb5f6efc30 DEOPT UNPACKING pc=0x000002cb4820a1a3 sp=0x000000f9159fe018 mode 2
Event: 14.436 Thread 0x000002cb5f6f0140 Uncommon trap: trap_request=0xffffffc6 fr.pc=0x000002cb48a4a10c relative=0x000000000000088c
Event: 14.436 Thread 0x000002cb5f6f0140 Uncommon trap: reason=bimorphic_or_optimized_type_check action=maybe_recompile pc=0x000002cb48a4a10c method=java.io.BufferedInputStream.read1([BII)I @ 39 c2
Event: 14.436 Thread 0x000002cb5f6f0140 DEOPT PACKING pc=0x000002cb48a4a10c sp=0x000000f915efe0d0
Event: 14.436 Thread 0x000002cb5f6f0140 DEOPT UNPACKING pc=0x000002cb4820a1a3 sp=0x000000f915efdfe8 mode 2
Event: 14.450 Thread 0x000002cb5f6efc30 Uncommon trap: trap_request=0xffffffc6 fr.pc=0x000002cb48bbf068 relative=0x0000000000000788
Event: 14.450 Thread 0x000002cb5f6efc30 Uncommon trap: reason=bimorphic_or_optimized_type_check action=maybe_recompile pc=0x000002cb48bbf068 method=java.util.stream.MatchOps$MatchOp.evaluateSequential(Ljava/util/stream/PipelineHelper;Ljava/util/Spliterator;)Ljava/lang/Boolean; @ 14 c2
Event: 14.450 Thread 0x000002cb5f6efc30 DEOPT PACKING pc=0x000002cb48bbf068 sp=0x000000f9159fa7f0
Event: 14.450 Thread 0x000002cb5f6efc30 DEOPT UNPACKING pc=0x000002cb4820a1a3 sp=0x000000f9159fa728 mode 2
Event: 14.455 Thread 0x000002cb5f6efc30 Uncommon trap: trap_request=0xffffff45 fr.pc=0x000002cb4876ef40 relative=0x0000000000000600
Event: 14.455 Thread 0x000002cb5f6efc30 Uncommon trap: reason=unstable_if action=reinterpret pc=0x000002cb4876ef40 method=java.lang.String.regionMatches(ZILjava/lang/String;II)Z @ 1 c2
Event: 14.455 Thread 0x000002cb5f6efc30 DEOPT PACKING pc=0x000002cb4876ef40 sp=0x000000f9159fa040
Event: 14.455 Thread 0x000002cb5f6efc30 DEOPT UNPACKING pc=0x000002cb4820a1a3 sp=0x000000f9159f9fe8 mode 2

Classes unloaded (0 events):
No events

Classes redefined (0 events):
No events

Internal exceptions (20 events):
Event: 13.058 Thread 0x000002cb5ce05130 Exception <a 'java/lang/ClassNotFoundException'{0x0000000088972e68}: org/gradle/api/internal/artifacts/repositories/AbstractAuthenticationSupportedRepositoryCustomizer> (0x0000000088972e68) 
thrown [s\src\hotspot\share\classfile\systemDictionary.cpp, line 256]
Event: 13.059 Thread 0x000002cb5ce05130 Exception <a 'java/lang/ClassNotFoundException'{0x00000000889a3560}: org/gradle/api/internal/artifacts/repositories/DefaultMavenArtifactRepositoryCustomizer> (0x00000000889a3560) 
thrown [s\src\hotspot\share\classfile\systemDictionary.cpp, line 256]
Event: 13.060 Thread 0x000002cb5ce05130 Exception <a 'java/lang/ClassNotFoundException'{0x00000000889d8f38}: org/gradle/api/internal/artifacts/repositories/DefaultMavenArtifactRepository_DecoratedCustomizer> (0x00000000889d8f38) 
thrown [s\src\hotspot\share\classfile\systemDictionary.cpp, line 256]
Event: 13.993 Thread 0x000002cb5ce05130 Exception <a 'java/lang/NoSuchMethodError'{0x00000000884e1a78}: 'java.lang.Object java.lang.invoke.DirectMethodHandle$Holder.newInvokeSpecial(java.lang.Object, java.lang.Object, java.lang.Object, java.lang.Object, java.lang.Object, java.lang.Object, int)'> (0x00000000884e1a78) 
thrown [s\src\hotspot\share\interpreter\linkResolver.cpp, line 771]
Event: 13.993 Thread 0x000002cb5ce05130 Exception <a 'java/lang/NoSuchMethodError'{0x00000000884e7d50}: 'java.lang.Object java.lang.invoke.DirectMethodHandle$Holder.invokeSpecial(java.lang.Object, java.lang.Object, java.lang.Object, java.lang.Object, java.lang.Object, java.lang.Object, java.lang.Object, int)'> (0x00000000884e7d50) 
thrown [s\src\hotspot\share\interpreter\linkResolver.cpp, line 771]
Event: 13.993 Thread 0x000002cb5ce05130 Exception <a 'java/lang/NoSuchMethodError'{0x00000000884ed968}: 'java.lang.Object java.lang.invoke.Invokers$Holder.linkToTargetMethod(java.lang.Object, java.lang.Object, java.lang.Object, java.lang.Object, java.lang.Object, int, java.lang.Object)'> (0x00000000884ed968) 
thrown [s\src\hotspot\share\interpreter\linkResolver.cpp, line 771]
Event: 14.383 Thread 0x000002cb5c7e5c20 Exception <a 'java/lang/NoSuchMethodError'{0x000000008c523a60}: static Lorg/gradle/internal/build/event/types/DefaultTaskStartedProgressEvent;.<clinit>()V> (0x000000008c523a60) 
thrown [s\src\hotspot\share\prims\jni.cpp, line 1108]
Event: 14.383 Thread 0x000002cb5c7e5c20 Exception <a 'java/lang/NoSuchMethodError'{0x000000008c52caa8}: static Lorg/gradle/internal/build/event/types/AbstractProgressEvent;.<clinit>()V> (0x000000008c52caa8) 
thrown [s\src\hotspot\share\prims\jni.cpp, line 1108]
Event: 14.385 Thread 0x000002cb5c7e5c20 Exception <a 'java/lang/NoSuchMethodError'{0x000000008c539900}: static Lorg/gradle/internal/build/event/types/DefaultTaskDescriptor;.<clinit>()V> (0x000000008c539900) 
thrown [s\src\hotspot\share\prims\jni.cpp, line 1108]
Event: 14.386 Thread 0x000002cb5c7e5c20 Exception <a 'java/lang/NoSuchMethodError'{0x000000008c561ac0}: static Lorg/gradle/internal/operations/OperationIdentifier;.<clinit>()V> (0x000000008c561ac0) 
thrown [s\src\hotspot\share\prims\jni.cpp, line 1108]
Event: 14.387 Thread 0x000002cb5c7e5c20 Exception <a 'java/lang/NoSuchMethodError'{0x000000008c56da08}: static Lorg/gradle/internal/build/event/types/DefaultBinaryPluginIdentifier;.<clinit>()V> (0x000000008c56da08) 
thrown [s\src\hotspot\share\prims\jni.cpp, line 1108]
Event: 14.397 Thread 0x000002cb5f6eed00 Exception <a 'java/lang/NoSuchMethodError'{0x000000008c5b7150}: 'void java.lang.invoke.DirectMethodHandle$Holder.invokeVirtual(java.lang.Object, java.lang.Object)'> (0x000000008c5b7150) 
thrown [s\src\hotspot\share\interpreter\linkResolver.cpp, line 771]
Event: 14.416 Thread 0x000002cb5c7e5c20 Exception <a 'java/lang/NoSuchMethodError'{0x000000008c4a5c70}: static Lorg/gradle/internal/build/event/types/DefaultTaskFinishedProgressEvent;.<clinit>()V> (0x000000008c4a5c70) 
thrown [s\src\hotspot\share\prims\jni.cpp, line 1108]
Event: 14.419 Thread 0x000002cb5c7e5c20 Exception <a 'java/lang/NoSuchMethodError'{0x000000008c313cc8}: static Lorg/gradle/internal/build/event/types/DefaultTaskSuccessResult;.<clinit>()V> (0x000000008c313cc8) 
thrown [s\src\hotspot\share\prims\jni.cpp, line 1108]
Event: 14.419 Thread 0x000002cb5c7e5c20 Exception <a 'java/lang/NoSuchMethodError'{0x000000008c3153d0}: static Lorg/gradle/internal/build/event/types/AbstractTaskResult;.<clinit>()V> (0x000000008c3153d0) 
thrown [s\src\hotspot\share\prims\jni.cpp, line 1108]
Event: 14.419 Thread 0x000002cb5c7e5c20 Exception <a 'java/lang/NoSuchMethodError'{0x000000008c316da0}: static Lorg/gradle/internal/build/event/types/AbstractResult;.<clinit>()V> (0x000000008c316da0) 
thrown [s\src\hotspot\share\prims\jni.cpp, line 1108]
Event: 14.419 Thread 0x000002cb5f6eed00 Exception <a 'java/lang/NoSuchMethodError'{0x000000008c4c9d78}: 'java.lang.Object java.lang.invoke.DirectMethodHandle$Holder.newInvokeSpecial(java.lang.Object, java.lang.Object, java.lang.Object, java.lang.Object, int, java.lang.Object)'> (0x000000008c4c9d78) 
thrown [s\src\hotspot\share\interpreter\linkResolver.cpp, line 771]
Event: 14.419 Thread 0x000002cb5f6eed00 Exception <a 'java/lang/NoSuchMethodError'{0x000000008c4ce340}: 'java.lang.Object java.lang.invoke.Invokers$Holder.linkToTargetMethod(java.lang.Object, java.lang.Object, java.lang.Object, int, java.lang.Object, java.lang.Object)'> (0x000000008c4ce340) 
thrown [s\src\hotspot\share\interpreter\linkResolver.cpp, line 771]
Event: 14.429 Thread 0x000002cb5f6efc30 Exception <a 'java/lang/NoSuchMethodError'{0x000000008c3c5790}: 'void java.lang.invoke.DirectMethodHandle$Holder.invokeInterface(java.lang.Object, java.lang.Object, java.lang.Object, java.lang.Object)'> (0x000000008c3c5790) 
thrown [s\src\hotspot\share\interpreter\linkResolver.cpp, line 771]
Event: 14.451 Thread 0x000002cb5f6efc30 Exception <a 'java/lang/NoSuchMethodError'{0x000000008c1012b8}: 'int java.lang.invoke.DirectMethodHandle$Holder.invokeSpecial(java.lang.Object, java.lang.Object, java.lang.Object, java.lang.Object, java.lang.Object)'> (0x000000008c1012b8) 
thrown [s\src\hotspot\share\interpreter\linkResolver.cpp, line 771]

VM Operations (20 events):
Event: 14.173 Executing VM operation: HandshakeAllThreads
Event: 14.173 Executing VM operation: HandshakeAllThreads done
Event: 14.180 Executing VM operation: HandshakeAllThreads
Event: 14.180 Executing VM operation: HandshakeAllThreads done
Event: 14.316 Executing VM operation: G1CollectForAllocation
Event: 14.320 Executing VM operation: G1CollectForAllocation done
Event: 14.370 Executing VM operation: G1PauseRemark
Event: 14.374 Executing VM operation: G1PauseRemark done
Event: 14.380 Executing VM operation: HandshakeAllThreads
Event: 14.380 Executing VM operation: HandshakeAllThreads done
Event: 14.406 Executing VM operation: G1PauseCleanup
Event: 14.406 Executing VM operation: G1PauseCleanup done
Event: 14.415 Executing VM operation: HandshakeAllThreads
Event: 14.415 Executing VM operation: HandshakeAllThreads done
Event: 14.424 Executing VM operation: HandshakeAllThreads
Event: 14.424 Executing VM operation: HandshakeAllThreads done
Event: 14.447 Executing VM operation: HandshakeAllThreads
Event: 14.447 Executing VM operation: HandshakeAllThreads done
Event: 14.449 Executing VM operation: HandshakeAllThreads
Event: 14.449 Executing VM operation: HandshakeAllThreads done

Events (20 events):
Event: 14.172 loading class sun/nio/fs/WindowsFileAttributeViews$Dos done
Event: 14.259 loading class sun/reflect/annotation/AnnotationInvocationHandler$1
Event: 14.259 loading class sun/reflect/annotation/AnnotationInvocationHandler$1 done
Event: 14.306 loading class java/util/IdentityHashMap$KeyIterator
Event: 14.306 loading class java/util/IdentityHashMap$IdentityHashMapIterator
Event: 14.306 loading class java/util/IdentityHashMap$IdentityHashMapIterator done
Event: 14.306 loading class java/util/IdentityHashMap$KeyIterator done
Event: 14.328 Thread 0x000002cb5f6eed00 Thread added: 0x000002cb5f6eed00
Event: 14.333 Thread 0x000002cb5f6ef720 Thread added: 0x000002cb5f6ef720
Event: 14.333 Thread 0x000002cb5f6ec990 Thread added: 0x000002cb5f6ec990
Event: 14.333 Thread 0x000002cb5f6efc30 Thread added: 0x000002cb5f6efc30
Event: 14.333 Thread 0x000002cb5f6eab30 Thread added: 0x000002cb5f6eab30
Event: 14.333 Thread 0x000002cb5f6eb040 Thread added: 0x000002cb5f6eb040
Event: 14.333 Thread 0x000002cb5f6ef210 Thread added: 0x000002cb5f6ef210
Event: 14.333 Thread 0x000002cb5f6ed3b0 Thread added: 0x000002cb5f6ed3b0
Event: 14.356 Thread 0x000002cb5f6f0140 Thread added: 0x000002cb5f6f0140
Event: 14.375 loading class java/util/TreeMap$KeySpliterator
Event: 14.375 loading class java/util/TreeMap$TreeMapSpliterator
Event: 14.375 loading class java/util/TreeMap$TreeMapSpliterator done
Event: 14.376 loading class java/util/TreeMap$KeySpliterator done


Dynamic libraries:
0x00007ff789400000 - 0x00007ff78940a000 	C:\Program Files\Android\Android Studio\jbr\bin\java.exe
0x00007ffc2deb0000 - 0x00007ffc2e0a8000 	C:\Windows\SYSTEM32\ntdll.dll
0x00007ffc2bfd0000 - 0x00007ffc2c091000 	C:\Windows\System32\KERNEL32.DLL
0x00007ffc2b8e0000 - 0x00007ffc2bbd6000 	C:\Windows\System32\KERNELBASE.dll
0x00007ffc2b630000 - 0x00007ffc2b730000 	C:\Windows\System32\ucrtbase.dll
0x00007ffc1cb10000 - 0x00007ffc1cb27000 	C:\Program Files\Android\Android Studio\jbr\bin\jli.dll
0x00007ffbfdfd0000 - 0x00007ffbfdfeb000 	C:\Program Files\Android\Android Studio\jbr\bin\VCRUNTIME140.dll
0x00007ffc2c130000 - 0x00007ffc2c2cf000 	C:\Windows\System32\USER32.dll
0x00007ffc2b600000 - 0x00007ffc2b622000 	C:\Windows\System32\win32u.dll
0x00007ffc2c5d0000 - 0x00007ffc2c5fb000 	C:\Windows\System32\GDI32.dll
0x00007ffc2bc90000 - 0x00007ffc2bda7000 	C:\Windows\System32\gdi32full.dll
0x00007ffc2be40000 - 0x00007ffc2bedd000 	C:\Windows\System32\msvcp_win.dll
0x00007ffc0b3a0000 - 0x00007ffc0b63a000 	C:\Windows\WinSxS\amd64_microsoft.windows.common-controls_6595b64144ccf1df_6.0.19041.4355_none_60b8b9eb71f62e16\COMCTL32.dll
0x00007ffc2d060000 - 0x00007ffc2d0fe000 	C:\Windows\System32\msvcrt.dll
0x00007ffc2cc00000 - 0x00007ffc2cc2f000 	C:\Windows\System32\IMM32.DLL
0x00007ffc04080000 - 0x00007ffc0408c000 	C:\Program Files\Android\Android Studio\jbr\bin\vcruntime140_1.dll
0x00007ffbf0c80000 - 0x00007ffbf0d0d000 	C:\Program Files\Android\Android Studio\jbr\bin\msvcp140.dll
0x00007ffbe23b0000 - 0x00007ffbe3033000 	C:\Program Files\Android\Android Studio\jbr\bin\server\jvm.dll
0x00007ffc2ca70000 - 0x00007ffc2cb20000 	C:\Windows\System32\ADVAPI32.dll
0x00007ffc2d8f0000 - 0x00007ffc2d990000 	C:\Windows\System32\sechost.dll
0x00007ffc2c4a0000 - 0x00007ffc2c5c3000 	C:\Windows\System32\RPCRT4.dll
0x00007ffc2b5d0000 - 0x00007ffc2b5f7000 	C:\Windows\System32\bcrypt.dll
0x00007ffc12f70000 - 0x00007ffc12f97000 	C:\Windows\SYSTEM32\WINMM.dll
0x00007ffc23e30000 - 0x00007ffc23e39000 	C:\Windows\SYSTEM32\WSOCK32.dll
0x00007ffc2aa90000 - 0x00007ffc2aadb000 	C:\Windows\SYSTEM32\POWRPROF.dll
0x00007ffc242f0000 - 0x00007ffc242fa000 	C:\Windows\SYSTEM32\VERSION.dll
0x00007ffc2dd50000 - 0x00007ffc2ddbb000 	C:\Windows\System32\WS2_32.dll
0x00007ffc2a950000 - 0x00007ffc2a962000 	C:\Windows\SYSTEM32\UMPDC.dll
0x00007ffc29d70000 - 0x00007ffc29d82000 	C:\Windows\SYSTEM32\kernel.appcore.dll
0x00007ffc24920000 - 0x00007ffc2492a000 	C:\Program Files\Android\Android Studio\jbr\bin\jimage.dll
0x00007ffc29b20000 - 0x00007ffc29d04000 	C:\Windows\SYSTEM32\DBGHELP.DLL
0x00007ffc0dd20000 - 0x00007ffc0dd54000 	C:\Windows\SYSTEM32\dbgcore.DLL
0x00007ffc2bdb0000 - 0x00007ffc2be32000 	C:\Windows\System32\bcryptPrimitives.dll
0x00007ffc23780000 - 0x00007ffc2378e000 	C:\Program Files\Android\Android Studio\jbr\bin\instrument.dll
0x00007ffc0ba80000 - 0x00007ffc0baa5000 	C:\Program Files\Android\Android Studio\jbr\bin\java.dll
0x00007ffc247d0000 - 0x00007ffc247e8000 	C:\Program Files\Android\Android Studio\jbr\bin\zip.dll
0x00007ffc2d180000 - 0x00007ffc2d8ec000 	C:\Windows\System32\SHELL32.dll
0x00007ffc292b0000 - 0x00007ffc29a4e000 	C:\Windows\SYSTEM32\windows.storage.dll
0x00007ffc2d990000 - 0x00007ffc2dce3000 	C:\Windows\System32\combase.dll
0x00007ffc2af80000 - 0x00007ffc2afae000 	C:\Windows\SYSTEM32\Wldp.dll
0x00007ffc2bee0000 - 0x00007ffc2bfad000 	C:\Windows\System32\OLEAUT32.dll
0x00007ffc2c2d0000 - 0x00007ffc2c37d000 	C:\Windows\System32\SHCORE.dll
0x00007ffc2dcf0000 - 0x00007ffc2dd45000 	C:\Windows\System32\shlwapi.dll
0x00007ffc2b490000 - 0x00007ffc2b4b4000 	C:\Windows\SYSTEM32\profapi.dll
0x00007ffc246d0000 - 0x00007ffc246e9000 	C:\Program Files\Android\Android Studio\jbr\bin\net.dll
0x00007ffc27ad0000 - 0x00007ffc27bda000 	C:\Windows\SYSTEM32\WINHTTP.dll
0x00007ffc2ace0000 - 0x00007ffc2ad4a000 	C:\Windows\system32\mswsock.dll
0x00007ffc241e0000 - 0x00007ffc241f6000 	C:\Program Files\Android\Android Studio\jbr\bin\nio.dll
0x00007ffc23f70000 - 0x00007ffc23f80000 	C:\Program Files\Android\Android Studio\jbr\bin\verify.dll
0x00007ffc009d0000 - 0x00007ffc009f7000 	C:\Users\seonsu\.gradle\native\c067742578af261105cb4f569cf0c3c89f3d7b1fecec35dd04571415982c5e48\windows-amd64\native-platform.dll
0x00007ffbeb7c0000 - 0x00007ffbeb904000 	C:\Users\seonsu\.gradle\native\38dada09dfb8b06ba9b0570ebf7e218e3eb74d4ef43ca46872605cf95ebc2f47\windows-amd64\native-platform-file-events.dll
0x00007ffc244c0000 - 0x00007ffc244c9000 	C:\Program Files\Android\Android Studio\jbr\bin\management.dll
0x00007ffc23f80000 - 0x00007ffc23f8b000 	C:\Program Files\Android\Android Studio\jbr\bin\management_ext.dll
0x00007ffc2d100000 - 0x00007ffc2d108000 	C:\Windows\System32\PSAPI.DLL
0x00007ffc2aed0000 - 0x00007ffc2aee8000 	C:\Windows\SYSTEM32\CRYPTSP.dll
0x00007ffc2a590000 - 0x00007ffc2a5c4000 	C:\Windows\system32\rsaenh.dll
0x00007ffc2b400000 - 0x00007ffc2b42e000 	C:\Windows\SYSTEM32\USERENV.dll
0x00007ffc2aef0000 - 0x00007ffc2aefc000 	C:\Windows\SYSTEM32\CRYPTBASE.dll
0x00007ffc2a970000 - 0x00007ffc2a9ab000 	C:\Windows\SYSTEM32\IPHLPAPI.DLL
0x00007ffc2d170000 - 0x00007ffc2d178000 	C:\Windows\System32\NSI.dll
0x00007ffc238b0000 - 0x00007ffc238c7000 	C:\Windows\SYSTEM32\dhcpcsvc6.DLL
0x00007ffc24b30000 - 0x00007ffc24b4d000 	C:\Windows\SYSTEM32\dhcpcsvc.DLL
0x00007ffc2a9c0000 - 0x00007ffc2aa8a000 	C:\Windows\SYSTEM32\DNSAPI.dll
0x00007ffc24910000 - 0x00007ffc24919000 	C:\Program Files\Android\Android Studio\jbr\bin\extnet.dll
0x00007ffc0b9f0000 - 0x00007ffc0b9f7000 	C:\Windows\system32\wshunix.dll
0x00007ffc0f2c0000 - 0x00007ffc0f2d7000 	C:\Windows\system32\napinsp.dll
0x00007ffc0f240000 - 0x00007ffc0f25b000 	C:\Windows\system32\pnrpnsp.dll
0x00007ffc27cf0000 - 0x00007ffc27d05000 	C:\Windows\system32\wshbth.dll
0x00007ffc27ab0000 - 0x00007ffc27acd000 	C:\Windows\system32\NLAapi.dll
0x00007ffc0f220000 - 0x00007ffc0f232000 	C:\Windows\System32\winrnr.dll
0x00007ffc24300000 - 0x00007ffc2430a000 	C:\Windows\System32\rasadhlp.dll
0x00007ffc22e20000 - 0x00007ffc22ea0000 	C:\Windows\System32\fwpuclnt.dll

dbghelp: loaded successfully - version: 4.0.5 - missing functions: none
symbol engine: initialized successfully - sym options: 0x614 - pdb path: .;C:\Program Files\Android\Android Studio\jbr\bin;C:\Windows\SYSTEM32;C:\Windows\WinSxS\amd64_microsoft.windows.common-controls_6595b64144ccf1df_6.0.19041.4355_none_60b8b9eb71f62e16;C:\Program Files\Android\Android Studio\jbr\bin\server;C:\Users\seonsu\.gradle\native\c067742578af261105cb4f569cf0c3c89f3d7b1fecec35dd04571415982c5e48\windows-amd64;C:\Users\seonsu\.gradle\native\38dada09dfb8b06ba9b0570ebf7e218e3eb74d4ef43ca46872605cf95ebc2f47\windows-amd64

VM Arguments:
jvm_args: -XX:MaxMetaspaceSize=512m --add-opens=java.base/java.util=ALL-UNNAMED --add-opens=java.base/java.lang=ALL-UNNAMED --add-opens=java.base/java.lang.invoke=ALL-UNNAMED --add-opens=java.prefs/java.util.prefs=ALL-UNNAMED --add-opens=java.base/java.nio.charset=ALL-UNNAMED --add-opens=java.base/java.net=ALL-UNNAMED --add-opens=java.base/java.util.concurrent.atomic=ALL-UNNAMED -Xmx2048m -Dfile.encoding=x-windows-949 -Duser.country=KR -Duser.language=ko -Duser.variant -javaagent:C:\Users\seonsu\.gradle\wrapper\dists\gradle-8.5-bin\5t9huq95ubn472n8rpzujfbqh\gradle-8.5\lib\agents\gradle-instrumentation-agent-8.5.jar 
java_command: org.gradle.launcher.daemon.bootstrap.GradleDaemon 8.5
java_class_path (initial): C:\Users\seonsu\.gradle\wrapper\dists\gradle-8.5-bin\5t9huq95ubn472n8rpzujfbqh\gradle-8.5\lib\gradle-launcher-8.5.jar
Launcher Type: SUN_STANDARD

[Global flags]
     intx CICompilerCount                          = 4                                         {product} {ergonomic}
   size_t CompressedClassSpaceSize                 = 436207616                                 {product} {ergonomic}
     uint ConcGCThreads                            = 2                                         {product} {ergonomic}
     uint G1ConcRefinementThreads                  = 8                                         {product} {ergonomic}
   size_t G1HeapRegionSize                         = 1048576                                   {product} {ergonomic}
    uintx GCDrainStackTargetSize                   = 64                                        {product} {ergonomic}
   size_t InitialHeapSize                          = 264241152                                 {product} {ergonomic}
   size_t MarkStackSize                            = 4194304                                   {product} {ergonomic}
   size_t MaxHeapSize                              = 2147483648                                {product} {command line}
   size_t MaxMetaspaceSize                         = 536870912                                 {product} {command line}
   size_t MaxNewSize                               = 1287651328                                {product} {ergonomic}
   size_t MinHeapDeltaBytes                        = 1048576                                   {product} {ergonomic}
   size_t MinHeapSize                              = 8388608                                   {product} {ergonomic}
    uintx NonNMethodCodeHeapSize                   = 5839372                                {pd product} {ergonomic}
    uintx NonProfiledCodeHeapSize                  = 122909434                              {pd product} {ergonomic}
    uintx ProfiledCodeHeapSize                     = 122909434                              {pd product} {ergonomic}
    uintx ReservedCodeCacheSize                    = 251658240                              {pd product} {ergonomic}
     bool SegmentedCodeCache                       = true                                      {product} {ergonomic}
   size_t SoftMaxHeapSize                          = 2147483648                             {manageable} {ergonomic}
     bool UseCompressedClassPointers               = true                           {product lp64_product} {ergonomic}
     bool UseCompressedOops                        = true                           {product lp64_product} {ergonomic}
     bool UseG1GC                                  = true                                      {product} {ergonomic}
     bool UseLargePagesIndividualAllocation        = false                                  {pd product} {ergonomic}

Logging:
Log output configuration:
 #0: stdout all=warning uptime,level,tags
 #1: stderr all=off uptime,level,tags

Environment Variables:
JAVA_HOME=C:\Program Files\Java\jdk-17
CLASSPATH=C:\Program Files\Java\jdk-11.0.13\lib
PATH=C:\Program Files\Common Files\Oracle\Java\javapath;C:\Program Files\Java\jdk-11.0.13\bin;C:\Users\seonsu\AppData\Local\Android\Sdk\tools\bin;C:\flutter\bin;C:\Users\seonsu\AppData\Local\Android\Sdk\cmdline-tools;C:\Windows\system32;C:\Windows;C:\Windows\System32\Wbem;C:\Windows\System32\WindowsPowerShell\v1.0\;C:\Windows\System32\OpenSSH\;C:\ProgramData\chocolatey\bin;G:\Git\cmd;C:\Users\seonsu\AppData\Roaming\nvm;C:\Program Files\nodejs;G:\Android\platform-tools;C:\Users\seonsu\AppData\Local\Android\Sdk\tools\bin;C:\flutter\bin;C:\Users\seonsu\AppData\Local\Programs\Python\Python310\Scripts;C:\Users\seonsu\AppData\Local\Programs\Python\Python310;C:\Users\seonsu\AppData\Local\Android\Sdk\build-tools;C:\Users\seonsu\AppData\Local\Android\Sdk\platform-tools;C:\Users\seonsu\AppData\Local\Android\Sdk\tools;C:\Users\seonsu\AppData\Local\Programs\Microsoft VS Code\bin;C:\Users\seonsu\AppData\Roaming\npm;C:\Users\seonsu\AppData\Roaming\nvm;C:\Program Files\nodejs
USERNAME=seonsu
OS=Windows_NT
PROCESSOR_IDENTIFIER=Intel64 Family 6 Model 140 Stepping 1, GenuineIntel
TMP=C:\Users\seonsu\AppData\Local\Temp
TEMP=C:\Users\seonsu\AppData\Local\Temp



Periodic native trim disabled

JNI global refs:
JNI global refs: 29, weak refs: 2

JNI global refs memory usage: 843, weak refs: 841

OOME stack traces (most recent first):
Classloader memory used:
Loader org.gradle.internal.classloader.VisitableURLClassLoader                         : 4944K
Loader bootstrap                                                                       : 2722K
Loader org.gradle.initialization.MixInLegacyTypesClassLoader                           : 1408K
Loader org.gradle.internal.classloader.VisitableURLClassLoader$InstrumentingVisitableURLClassLoader: 717K
Loader org.gradle.internal.classloader.VisitableURLClassLoader                         : 112K
Loader jdk.internal.reflect.DelegatingClassLoader                                      : 81659B
Loader jdk.internal.loader.ClassLoaders$PlatformClassLoader                            : 67288B
Loader org.gradle.groovy.scripts.internal.DefaultScriptCompilationHandler$ScriptClassLoader: 28304B
Loader jdk.internal.loader.ClassLoaders$AppClassLoader                                 : 28124B
Loader org.codehaus.groovy.runtime.callsite.CallSiteClassLoader                        : 11646B
Loader sun.reflect.misc.MethodUtil                                                     : 373B

Classes loaded by more than one classloader:
Class Program                                                                         : loaded 7 times (x 70B)
Class Build_gradle$1                                                                  : loaded 5 times (x 76B)
Class Build_gradle                                                                    : loaded 5 times (x 128B)
Class org.gradle.kotlin.dsl.VersionCatalogAccessorsKt                                 : loaded 3 times (x 69B)
Class org.gradle.internal.Cast                                                        : loaded 3 times (x 69B)
Class org.gradle.api.GradleException                                                  : loaded 3 times (x 80B)
Class org.gradle.api.Action                                                           : loaded 2 times (x 68B)
Class org.jetbrains.kotlin.idea.gradleTooling.model.samWithReceiver.SamWithReceiverModel: loaded 2 times (x 68B)
Class org.jetbrains.plugins.gradle.model.ExternalProject                              : loaded 2 times (x 68B)
Class org.jetbrains.plugins.gradle.model.IntelliJSettings                             : loaded 2 times (x 68B)
Class org.jetbrains.kotlin.tooling.core.Extras                                        : loaded 2 times (x 68B)
Class org.jetbrains.kotlin.idea.gradleTooling.KotlinMPPGradleModel                    : loaded 2 times (x 68B)
Class org.gradle.api.internal.DefaultClassPathProvider                                : loaded 2 times (x 74B)
Class org.gradle.internal.installation.GradleInstallation$1                           : loaded 2 times (x 73B)
Class org.gradle.internal.exceptions.DefaultMultiCauseException                       : loaded 2 times (x 93B)
Class sync_studio_tooling_8zvg0sgmaav7wbpeh2z68w7eh                                   : loaded 2 times (x 177B)
Class org.gradle.tooling.model.UnsupportedMethodException                             : loaded 2 times (x 80B)
Class org.gradle.internal.time.MonotonicClock                                         : loaded 2 times (x 75B)
Class org.gradle.kotlin.dsl.Accessors9osmdt78klrrxidc9srcw3tsqKt                      : loaded 2 times (x 69B)
Class org.gradle.internal.classloader.FilteringClassLoader                            : loaded 2 times (x 103B)
Class org.gradle.tooling.model.Model                                                  : loaded 2 times (x 68B)
Class org.gradle.internal.classpath.DefaultClassPath$ImmutableUniqueList$Builder      : loaded 2 times (x 73B)
Class org.jetbrains.kotlin.idea.gradleTooling.KotlinSourceSetContainer                : loaded 2 times (x 68B)
Class org.gradle.internal.classloader.ClassLoaderVisitor                              : loaded 2 times (x 74B)
Class sync_studio_tooling_8zvg0sgmaav7wbpeh2z68w7eh$_run_closure1                     : loaded 2 times (x 137B)
Class org.gradle.internal.time.DefaultCountdownTimer                                  : loaded 2 times (x 86B)
Class org.gradle.kotlin.dsl.Accessorse8w47d3slt021lb0cbtcdsmobKt                      : loaded 2 times (x 69B)
Class org.gradle.internal.service.DefaultServiceLocator                               : loaded 2 times (x 81B)
Class org.jetbrains.plugins.gradle.model.jar.JarTaskManifestConfiguration             : loaded 2 times (x 68B)
Class org.gradle.internal.service.UnknownServiceException                             : loaded 2 times (x 81B)
Class Build_gradle$2$1$1                                                              : loaded 2 times (x 72B)
Class org.jetbrains.plugins.gradle.model.DependencyAccessorsModel                     : loaded 2 times (x 68B)
Class org.gradle.internal.classloader.DefaultClassLoaderFactory                       : loaded 2 times (x 80B)
Class org.jetbrains.plugins.gradle.model.GradleExtensions                             : loaded 2 times (x 68B)
Class Build_gradle$2$1                                                                : loaded 2 times (x 72B)
Class org.jetbrains.plugins.gradle.model.VersionCatalogsModel                         : loaded 2 times (x 68B)
Class org.gradle.internal.classloader.VisitableURLClassLoader$Spec                    : loaded 2 times (x 72B)
Class org.gradle.tooling.model.ProjectModel                                           : loaded 2 times (x 68B)
Class org.gradle.internal.exceptions.NonGradleCauseExceptionsHolder                   : loaded 2 times (x 68B)
Class org.gradle.tooling.internal.gradle.DefaultProjectIdentifier                     : loaded 2 times (x 84B)
Class org.gradle.api.internal.classpath.ModuleRegistry                                : loaded 2 times (x 68B)
Class org.jetbrains.plugins.gradle.model.RepositoriesModel                            : loaded 2 times (x 68B)
Class kotlin.jvm.internal.markers.KMappedMarker                                       : loaded 2 times (x 68B)
Class org.gradle.api.internal.ClassPathProvider                                       : loaded 2 times (x 68B)
Class org.gradle.internal.classloader.ClasspathUtil$1                                 : loaded 2 times (x 74B)
Class org.gradle.internal.classloader.ClassLoaderFactory                              : loaded 2 times (x 68B)
Class org.gradle.api.internal.classpath.ManifestUtil                                  : loaded 2 times (x 69B)
Class org.gradle.api.specs.Spec                                                       : loaded 2 times (x 68B)
Class org.gradle.tooling.internal.gradle.GradleBuildIdentity                          : loaded 2 times (x 68B)
Class org.gradle.internal.IoActions                                                   : loaded 2 times (x 69B)
Class org.gradle.api.internal.classpath.EffectiveClassPath                            : loaded 2 times (x 88B)
Class kotlin.jvm.internal.DefaultConstructorMarker                                    : loaded 2 times (x 69B)
Class org.gradle.internal.exceptions.ResolutionProvider                               : loaded 2 times (x 68B)
Class org.gradle.api.internal.classpath.DefaultModuleRegistry                         : loaded 2 times (x 84B)
Class org.jetbrains.kotlin.idea.gradleTooling.model.assignment.AssignmentModel        : loaded 2 times (x 68B)
Class org.gradle.kotlin.dsl.Accessors96b3ii45gitqpy1kb3tvcvtxvKt                      : loaded 2 times (x 69B)
Class org.gradle.internal.installation.CurrentGradleInstallation                      : loaded 2 times (x 71B)
Class org.gradle.internal.agents.InstrumentingClassLoader                             : loaded 2 times (x 68B)
Class org.gradle.internal.installation.CurrentGradleInstallationLocator               : loaded 2 times (x 69B)
Class org.gradle.api.internal.classpath.Module                                        : loaded 2 times (x 68B)
Class org.gradle.internal.service.CachingServiceLocator                               : loaded 2 times (x 80B)
Class org.gradle.internal.time.Timer                                                  : loaded 2 times (x 68B)
Class org.jetbrains.plugins.gradle.model.tests.ExternalTestsModel                     : loaded 2 times (x 68B)
Class org.jetbrains.kotlin.idea.gradleTooling.KotlinDslScriptAdditionalTask           : loaded 2 times (x 68B)
Class org.gradle.internal.classpath.DefaultClassPath                                  : loaded 2 times (x 88B)
Class com.intellij.openapi.externalSystem.model.project.dependencies.ProjectDependencies: loaded 2 times (x 68B)
Class org.gradle.internal.classpath.ClassPath                                         : loaded 2 times (x 68B)
Class Build_gradle$2                                                                  : loaded 2 times (x 72B)
Class org.jetbrains.kotlin.idea.gradleTooling.PrepareKotlinIdeImportTaskModel         : loaded 2 times (x 68B)
Class Build_gradle$3                                                                  : loaded 2 times (x 76B)
Class Build_gradle$4                                                                  : loaded 2 times (x 72B)
Class Build_gradle$5                                                                  : loaded 2 times (x 72B)
Class Build_gradle$6                                                                  : loaded 2 times (x 72B)
Class org.gradle.internal.impldep.com.google.common.base.Preconditions                : loaded 2 times (x 69B)
Class kotlin.jvm.functions.Function1                                                  : loaded 2 times (x 68B)
Class ijInit1_b6vid6o0pa41jgxsh5h9uy65r                                               : loaded 2 times (x 177B)
Class org.gradle.internal.time.Time                                                   : loaded 2 times (x 69B)
Class org.gradle.internal.time.TimeSource$1                                           : loaded 2 times (x 75B)
Class org.gradle.internal.classloader.SystemClassLoaderSpec                           : loaded 2 times (x 69B)
Class kotlin.Function                                                                 : loaded 2 times (x 68B)
Class org.gradle.api.UncheckedIOException                                             : loaded 2 times (x 80B)
Class org.jetbrains.plugins.gradle.model.MavenRepositoryModel                         : loaded 2 times (x 68B)
Class org.gradle.tooling.internal.gradle.GradleProjectIdentity                        : loaded 2 times (x 68B)
Class org.gradle.internal.time.CountdownTimer                                         : loaded 2 times (x 68B)
Class org.gradle.internal.time.Clock                                                  : loaded 2 times (x 68B)
Class org.gradle.internal.classloader.ClasspathUtil                                   : loaded 2 times (x 69B)
Class org.jetbrains.kotlin.tooling.core.HasMutableExtras                              : loaded 2 times (x 68B)
Class org.gradle.tooling.model.BuildIdentifier                                        : loaded 2 times (x 68B)
Class org.gradle.api.internal.DefaultClassPathRegistry                                : loaded 2 times (x 74B)
Class org.gradle.api.internal.classpath.DefaultModuleRegistry$DefaultModule           : loaded 2 times (x 84B)
Class org.gradle.util.GradleVersion                                                   : loaded 2 times (x 81B)
Class org.gradle.internal.time.TimeSource                                             : loaded 2 times (x 68B)
Class org.jetbrains.kotlin.android.synthetic.idea.AndroidExtensionsGradleModel        : loaded 2 times (x 68B)
Class org.gradle.api.internal.classpath.UnknownModuleException                        : loaded 2 times (x 80B)
Class org.jetbrains.plugins.gradle.model.IntelliJProjectSettings                      : loaded 2 times (x 68B)
Class org.gradle.internal.service.ServiceLookupException                              : loaded 2 times (x 80B)
Class org.gradle.kotlin.dsl.ImplementationConfigurationAccessorsKt                    : loaded 2 times (x 69B)
Class org.gradle.cache.GlobalCache                                                    : loaded 2 times (x 68B)
Class org.jetbrains.kotlin.idea.gradleTooling.model.lombok.LombokModel                : loaded 2 times (x 68B)
Class org.gradle.tooling.model.ProjectIdentifier                                      : loaded 2 times (x 68B)
Class [Lorg.gradle.api.internal.ClassPathProvider;                                    : loaded 2 times (x 67B)
Class org.gradle.internal.operations.MultipleBuildOperationFailures                   : loaded 2 times (x 93B)
Class org.gradle.util.internal.GUtil                                                  : loaded 2 times (x 69B)
Class org.jetbrains.plugins.gradle.model.AnnotationProcessingModel                    : loaded 2 times (x 68B)
Class org.gradle.internal.classloader.ClassLoaderSpec                                 : loaded 2 times (x 69B)
Class org.gradle.internal.classloader.VisitableURLClassLoader                         : loaded 2 times (x 115B)
Class org.jetbrains.kotlin.idea.gradleTooling.model.annotation.AnnotationBasedPluginModel: loaded 2 times (x 68B)
Class org.gradle.internal.installation.GradleInstallation                             : loaded 2 times (x 73B)
Class org.gradle.api.internal.ClassPathRegistry                                       : loaded 2 times (x 68B)
Class org.gradle.internal.classloader.VisitableURLClassLoader$InstrumentingVisitableURLClassLoader: loaded 2 times (x 121B)
Class org.gradle.internal.classloader.ClassLoaderHierarchy                            : loaded 2 times (x 68B)
Class org.gradle.internal.exceptions.MultiCauseException                              : loaded 2 times (x 68B)
Class org.jetbrains.kotlin.idea.gradleTooling.model.parcelize.ParcelizeGradleModel    : loaded 2 times (x 68B)
Class org.gradle.internal.InternalTransformer                                         : loaded 2 times (x 68B)
Class org.jetbrains.kotlin.idea.gradleTooling.model.noarg.NoArgModel                  : loaded 2 times (x 68B)
Class org.jetbrains.kotlin.idea.gradleTooling.KotlinGradleModel                       : loaded 2 times (x 68B)
Class org.gradle.tooling.internal.gradle.DefaultBuildIdentifier                       : loaded 2 times (x 77B)
Class org.gradle.internal.service.ServiceLocator                                      : loaded 2 times (x 68B)
Class org.jetbrains.kotlin.idea.gradleTooling.model.allopen.AllOpenModel              : loaded 2 times (x 68B)
Class org.gradle.internal.classpath.DefaultClassPath$ImmutableUniqueList              : loaded 2 times (x 159B)
Class org.gradle.internal.time.DefaultTimer                                           : loaded 2 times (x 78B)
Class org.gradle.internal.classpath.TransformedClassPath                              : loaded 2 times (x 94B)
Class org.jetbrains.kotlin.tooling.core.HasExtras                                     : loaded 2 times (x 68B)
Class Settings_gradle                                                                 : loaded 2 times (x 126B)


---------------  S Y S T E M  ---------------

OS:
 Windows 10 , 64 bit Build 19041 (10.0.19041.4597)
OS uptime: 3 days 1:52 hours

CPU: total 8 (initial active 8) (4 cores per cpu, 2 threads per core) family 6 model 140 stepping 1 microcode 0xb4, cx8, cmov, fxsr, ht, mmx, 3dnowpref, sse, sse2, sse3, ssse3, sse4.1, sse4.2, popcnt, lzcnt, tsc, tscinvbit, avx, avx2, aes, erms, clmul, bmi1, bmi2, adx, avx512f, avx512dq, avx512cd, avx512bw, avx512vl, sha, fma, vzeroupper, avx512_vpopcntdq, avx512_vpclmulqdq, avx512_vaes, avx512_vnni, clflush, clflushopt, clwb, avx512_vbmi2, avx512_vbmi
Processor Information for all 8 processors :
  Max Mhz: 2419, Current Mhz: 2419, Mhz Limit: 2419

Memory: 4k page, system-wide physical 16057M (232M free)
TotalPageFile size 34726M (AvailPageFile size 6M)
current process WorkingSet (physical memory assigned to process): 404M, peak: 404M
current process commit charge ("private bytes"): 466M, peak: 467M

vm_info: OpenJDK 64-Bit Server VM (17.0.10+0--11609105) for windows-amd64 JRE (17.0.10+0--11609105), built on Mar 21 2024 19:10:56 by "androidbuild" with MS VC++ 16.10 / 16.11 (VS2019)

END.
